#
# There is insufficient memory for the Java Runtime Environment to continue.
# Native memory allocation (malloc) failed to allocate 1781136 bytes for Chunk::new
# Possible reasons:
#   The system is out of physical RAM or swap space
#   The process is running with CompressedOops enabled, and the Java Heap may be blocking the growth of the native heap
# Possible solutions:
#   Reduce memory load on the system
#   Increase physical memory or swap space
#   Check if swap backing store is full
#   Decrease Java heap size (-Xmx/-Xms)
#   Decrease number of Java threads
#   Decrease Java thread stack sizes (-Xss)
#   Set larger code cache with -XX:ReservedCodeCacheSize=
#   JVM is running with Unscaled Compressed Oops mode in which the Java heap is
#     placed in the first 4GB address space. The Java Heap base address is the
#     maximum limit for the native heap growth. Please use -XX:HeapBaseMinAddress
#     to set the Java Heap base and to place the Java Heap above 4GB virtual address.
# This output file may be truncated or incomplete.
#
#  Out of Memory Error (arena.cpp:189), pid=26344, tid=10004
#
# JRE version: OpenJDK Runtime Environment Temurin-17.0.5+8 (17.0.5+8) (build 17.0.5+8)
# Java VM: OpenJDK 64-Bit Server VM Temurin-17.0.5+8 (17.0.5+8, mixed mode, tiered, compressed oops, compressed class ptrs, parallel gc, windows-amd64)
# No core dump will be written. Minidumps are not enabled by default on client versions of Windows
#

---------------  S U M M A R Y ------------

Command Line: --add-modules=ALL-SYSTEM --add-opens=java.base/java.util=ALL-UNNAMED --add-opens=java.base/java.lang=ALL-UNNAMED --add-opens=java.base/sun.nio.fs=ALL-UNNAMED -Declipse.application=org.eclipse.jdt.ls.core.id1 -Dosgi.bundles.defaultStartLevel=4 -Declipse.product=org.eclipse.jdt.ls.core.product -Djava.import.generatesMetadataFilesAtProjectRoot=false -Dfile.encoding=utf8 -XX:+UseParallelGC -XX:GCTimeRatio=4 -XX:AdaptiveSizePolicyWeight=90 -Dsun.zip.disableMemoryMapping=true -Xmx1G -Xms100m -Xlog:disable -javaagent:c:\Users\prana\.vscode\extensions\redhat.java-1.13.0-win32-x64\lombok\lombok-1.18.24.jar -XX:+HeapDumpOnOutOfMemoryError -XX:HeapDumpPath=c:\Users\prana\AppData\Roaming\Code\User\workspaceStorage\846ae30d75f9e390a1140bbb0704bf76\redhat.java c:\Users\prana\.vscode\extensions\redhat.java-1.13.0-win32-x64\server\plugins\org.eclipse.equinox.launcher_1.6.400.v20210924-0641.jar -configuration c:\Users\prana\AppData\Roaming\Code\User\globalStorage\redhat.java\1.13.0\config_win -data c:\Users\prana\AppData\Roaming\Code\User\workspaceStorage\846ae30d75f9e390a1140bbb0704bf76\redhat.java\jdt_ws

Host: AMD Ryzen 5 3500U with Radeon Vega Mobile Gfx  , 8 cores, 5G,  Windows 11 , 64 bit Build 22621 (10.0.22621.1037)
Time: Sun Jan  8 23:12:53 2023 India Standard Time elapsed time: 55.040651 seconds (0d 0h 0m 55s)

---------------  T H R E A D  ---------------

Current thread (0x0000021437f3c290):  JavaThread "C2 CompilerThread0" daemon [_thread_in_native, id=10004, stack(0x00000034f0d00000,0x00000034f0e00000)]


Current CompileTask:
C2:  55041 6578   !   4       org.eclipse.osgi.internal.loader.classpath.ClasspathManager::defineClass (636 bytes)

Stack: [0x00000034f0d00000,0x00000034f0e00000]
Native frames: (J=compiled Java code, j=interpreted, Vv=VM code, C=native code)
V  [jvm.dll+0x676b3a]
V  [jvm.dll+0x831444]
V  [jvm.dll+0x832bee]
V  [jvm.dll+0x833253]
V  [jvm.dll+0x244ce5]
V  [jvm.dll+0xabbac]
V  [jvm.dll+0xac17c]
V  [jvm.dll+0x362d02]
V  [jvm.dll+0x1bb2b2]
V  [jvm.dll+0x217ca9]
V  [jvm.dll+0x216f71]
V  [jvm.dll+0x1a343d]
V  [jvm.dll+0x22698a]
V  [jvm.dll+0x224ac5]
V  [jvm.dll+0x7e727b]
V  [jvm.dll+0x7e17ea]
V  [jvm.dll+0x6759e5]
C  [ucrtbase.dll+0x29363]
C  [KERNEL32.DLL+0x126bd]
C  [ntdll.dll+0x5dfb8]


---------------  P R O C E S S  ---------------

Threads class SMR info:
_java_thread_list=0x000002143920c490, length=40, elements={
0x000002142259e340, 0x0000021422659970, 0x000002142265a7e0, 0x0000021436419e90,
0x000002143641a850, 0x000002143641bba0, 0x000002143641e370, 0x0000021437f3c290,
0x0000021437f90360, 0x0000021437fb0fd0, 0x0000021422601650, 0x00000214382311d0,
0x00000214394521d0, 0x00000214395e3d60, 0x00000214395cff60, 0x00000214395d0430,
0x000002143a5cd720, 0x000002143a6b1a30, 0x000002143a6af3b0, 0x000002143a6aea10,
0x000002143a6b06f0, 0x000002143a6b1090, 0x000002143a6b0220, 0x000002143a6b0bc0,
0x000002143a6aeee0, 0x000002143a6af880, 0x000002143a6b1560, 0x000002143a6ae070,
0x000002143a6ae540, 0x000002143d0a7b10, 0x000002143d0a8e50, 0x000002143d0a5960,
0x000002143d0a8980, 0x000002143d0aa190, 0x000002143d0aa660, 0x000002143d0a5490,
0x000002143d0a9320, 0x000002143d0abe70, 0x000002143d0ab000, 0x000002143d0a6ca0
}

Java Threads: ( => current thread )
  0x000002142259e340 JavaThread "main" [_thread_blocked, id=23100, stack(0x00000034f0400000,0x00000034f0500000)]
  0x0000021422659970 JavaThread "Reference Handler" daemon [_thread_blocked, id=21668, stack(0x00000034f0700000,0x00000034f0800000)]
  0x000002142265a7e0 JavaThread "Finalizer" daemon [_thread_blocked, id=26668, stack(0x00000034f0800000,0x00000034f0900000)]
  0x0000021436419e90 JavaThread "Signal Dispatcher" daemon [_thread_blocked, id=25748, stack(0x00000034f0900000,0x00000034f0a00000)]
  0x000002143641a850 JavaThread "Attach Listener" daemon [_thread_blocked, id=16676, stack(0x00000034f0a00000,0x00000034f0b00000)]
  0x000002143641bba0 JavaThread "Service Thread" daemon [_thread_blocked, id=26100, stack(0x00000034f0b00000,0x00000034f0c00000)]
  0x000002143641e370 JavaThread "Monitor Deflation Thread" daemon [_thread_blocked, id=26384, stack(0x00000034f0c00000,0x00000034f0d00000)]
=>0x0000021437f3c290 JavaThread "C2 CompilerThread0" daemon [_thread_in_native, id=10004, stack(0x00000034f0d00000,0x00000034f0e00000)]
  0x0000021437f90360 JavaThread "C1 CompilerThread0" daemon [_thread_blocked, id=23544, stack(0x00000034f0e00000,0x00000034f0f00000)]
  0x0000021437fb0fd0 JavaThread "Sweeper thread" daemon [_thread_blocked, id=26508, stack(0x00000034f0f00000,0x00000034f1000000)]
  0x0000021422601650 JavaThread "Common-Cleaner" daemon [_thread_blocked, id=11836, stack(0x00000034f1000000,0x00000034f1100000)]
  0x00000214382311d0 JavaThread "Notification Thread" daemon [_thread_blocked, id=26916, stack(0x00000034f1100000,0x00000034f1200000)]
  0x00000214394521d0 JavaThread "Active Thread: Equinox Container: 85616b81-312f-4d55-a694-6e0d24238814" [_thread_blocked, id=22256, stack(0x00000034f1900000,0x00000034f1a00000)]
  0x00000214395e3d60 JavaThread "Framework Event Dispatcher: Equinox Container: 85616b81-312f-4d55-a694-6e0d24238814" daemon [_thread_blocked, id=27404, stack(0x00000034f1a00000,0x00000034f1b00000)]
  0x00000214395cff60 JavaThread "Start Level: Equinox Container: 85616b81-312f-4d55-a694-6e0d24238814" daemon [_thread_blocked, id=27396, stack(0x00000034f1b00000,0x00000034f1c00000)]
  0x00000214395d0430 JavaThread "SCR Component Actor" daemon [_thread_blocked, id=27448, stack(0x00000034f1c00000,0x00000034f1d00000)]
  0x000002143a5cd720 JavaThread "Bundle File Closer" daemon [_thread_blocked, id=18120, stack(0x00000034f1f00000,0x00000034f2000000)]
  0x000002143a6b1a30 JavaThread "Worker-JM" [_thread_blocked, id=14656, stack(0x00000034f2000000,0x00000034f2100000)]
  0x000002143a6af3b0 JavaThread "Worker-0" [_thread_blocked, id=27012, stack(0x00000034f2100000,0x00000034f2200000)]
  0x000002143a6aea10 JavaThread "Worker-1" [_thread_blocked, id=26388, stack(0x00000034f2200000,0x00000034f2300000)]
  0x000002143a6b06f0 JavaThread "Worker-2" [_thread_blocked, id=22924, stack(0x00000034f2300000,0x00000034f2400000)]
  0x000002143a6b1090 JavaThread "Java indexing" daemon [_thread_blocked, id=26944, stack(0x00000034f2400000,0x00000034f2500000)]
  0x000002143a6b0220 JavaThread "Worker-3" [_thread_blocked, id=26820, stack(0x00000034f2500000,0x00000034f2600000)]
  0x000002143a6b0bc0 JavaThread "JNA Cleaner" daemon [_thread_blocked, id=23496, stack(0x00000034f2600000,0x00000034f2700000)]
  0x000002143a6aeee0 JavaThread "pool-2-thread-1" [_thread_blocked, id=19120, stack(0x00000034f2700000,0x00000034f2800000)]
  0x000002143a6af880 JavaThread "pool-1-thread-1" [_thread_in_native, id=24944, stack(0x00000034f2800000,0x00000034f2900000)]
  0x000002143a6b1560 JavaThread "Timer-0" [_thread_blocked, id=20292, stack(0x00000034f2900000,0x00000034f2a00000)]
  0x000002143a6ae070 JavaThread "Timer-1" [_thread_blocked, id=9280, stack(0x00000034f2a00000,0x00000034f2b00000)]
  0x000002143a6ae540 JavaThread "Timer-2" [_thread_blocked, id=25800, stack(0x00000034f1e00000,0x00000034f1f00000)]
  0x000002143d0a7b10 JavaThread "Exec process" [_thread_blocked, id=17468, stack(0x00000034f2c00000,0x00000034f2d00000)]
  0x000002143d0a8e50 JavaThread "Exec process Thread 2" [_thread_blocked, id=25768, stack(0x00000034f2d00000,0x00000034f2e00000)]
  0x000002143d0a5960 JavaThread "Exec process Thread 3" [_thread_blocked, id=26876, stack(0x00000034f2e00000,0x00000034f2f00000)]
  0x000002143d0a8980 JavaThread "Timer-3" [_thread_blocked, id=860, stack(0x00000034f2b00000,0x00000034f2c00000)]
  0x000002143d0aa190 JavaThread "Timer-4" [_thread_blocked, id=18500, stack(0x00000034f2f00000,0x00000034f3000000)]
  0x000002143d0aa660 JavaThread "Timer-5" [_thread_blocked, id=20668, stack(0x00000034f0300000,0x00000034f0400000)]
  0x000002143d0a5490 JavaThread "Timer-6" [_thread_blocked, id=25456, stack(0x00000034f3000000,0x00000034f3100000)]
  0x000002143d0a9320 JavaThread "Worker-4: Initialize workspace" [_thread_blocked, id=652, stack(0x00000034f3100000,0x00000034f3200000)]
  0x000002143d0abe70 JavaThread "Timer-7" [_thread_blocked, id=24544, stack(0x00000034f3500000,0x00000034f3600000)]
  0x000002143d0ab000 JavaThread "ForkJoinPool.commonPool-worker-1" daemon [_thread_blocked, id=27144, stack(0x00000034f3700000,0x00000034f3800000)]
  0x000002143d0a6ca0 JavaThread "Worker-5" [_thread_blocked, id=27128, stack(0x00000034f3a00000,0x00000034f3b00000)]

Other Threads:
  0x000002143640f8a0 VMThread "VM Thread" [stack: 0x00000034f0600000,0x00000034f0700000] [id=27632]
  0x0000021438235220 WatcherThread [stack: 0x00000034f1200000,0x00000034f1300000] [id=27020]
  0x00000214225b3710 GCTaskThread "GC Thread#0" [stack: 0x00000034f0500000,0x00000034f0600000] [id=26220]
  0x0000021438f100b0 GCTaskThread "GC Thread#1" [stack: 0x00000034f1300000,0x00000034f1400000] [id=23652]
  0x0000021439397a10 GCTaskThread "GC Thread#2" [stack: 0x00000034f1400000,0x00000034f1500000] [id=23968]
  0x000002143939aeb0 GCTaskThread "GC Thread#3" [stack: 0x00000034f1500000,0x00000034f1600000] [id=23916]
  0x00000214393b3580 GCTaskThread "GC Thread#4" [stack: 0x00000034f1600000,0x00000034f1700000] [id=26000]
  0x00000214393b3830 GCTaskThread "GC Thread#5" [stack: 0x00000034f1700000,0x00000034f1800000] [id=25932]
  0x00000214393b3ae0 GCTaskThread "GC Thread#6" [stack: 0x00000034f1800000,0x00000034f1900000] [id=24616]
  0x0000021439379500 GCTaskThread "GC Thread#7" [stack: 0x00000034f1d00000,0x00000034f1e00000] [id=23220]

Threads with active compile tasks:
C2 CompilerThread0    55121 6578   !   4       org.eclipse.osgi.internal.loader.classpath.ClasspathManager::defineClass (636 bytes)

VM state: not at safepoint (normal execution)

VM Mutex/Monitor currently owned by a thread: None

Heap address: 0x00000000c0000000, size: 1024 MB, Compressed Oops mode: 32-bit

CDS archive(s) not mapped
Compressed class space mapped at: 0x0000000100000000-0x0000000140000000, reserved size: 1073741824
Narrow klass base: 0x0000000000000000, Narrow klass shift: 3, Narrow klass range: 0x140000000

GC Precious Log:
 CPUs: 8 total, 8 available
 Memory: 6091M
 Large Page Support: Disabled
 NUMA Support: Disabled
 Compressed Oops: Enabled (32-bit)
 Alignments: Space 512K, Generation 512K, Heap 2M
 Heap Min Capacity: 100M
 Heap Initial Capacity: 100M
 Heap Max Capacity: 1G
 Pre-touch: Disabled
 Parallel Workers: 8

Heap:
 PSYoungGen      total 13312K, used 9219K [0x00000000eab00000, 0x00000000ebb80000, 0x0000000100000000)
  eden space 12800K, 68% used [0x00000000eab00000,0x00000000eb388018,0x00000000eb780000)
  from space 512K, 94% used [0x00000000eba80000,0x00000000ebaf8f78,0x00000000ebb00000)
  to   space 512K, 0% used [0x00000000ebb00000,0x00000000ebb00000,0x00000000ebb80000)
 ParOldGen       total 68608K, used 45821K [0x00000000c0000000, 0x00000000c4300000, 0x00000000eab00000)
  object space 68608K, 66% used [0x00000000c0000000,0x00000000c2cbf5c0,0x00000000c4300000)
 Metaspace       used 62423K, committed 63424K, reserved 1105920K
  class space    used 7560K, committed 8000K, reserved 1048576K

Card table byte_map: [0x0000021421f70000,0x0000021422180000] _byte_map_base: 0x0000021421970000

Marking Bits: (ParMarkBitMap*) 0x00007ffa3b670dd0
 Begin Bits: [0x0000021434220000, 0x0000021435220000)
 End Bits:   [0x0000021435220000, 0x0000021436220000)

Polling page: 0x0000021421d60000

Metaspace:

Usage:
  Non-class:     53.58 MB used.
      Class:      7.38 MB used.
       Both:     60.96 MB used.

Virtual space:
  Non-class space:       56.00 MB reserved,      54.12 MB ( 97%) committed,  7 nodes.
      Class space:        1.00 GB reserved,       7.81 MB ( <1%) committed,  1 nodes.
             Both:        1.05 GB reserved,      61.94 MB (  6%) committed. 

Chunk freelists:
   Non-Class:  1.52 MB
       Class:  76.00 KB
        Both:  1.59 MB

MaxMetaspaceSize: unlimited
CompressedClassSpaceSize: 1.00 GB
Initial GC threshold: 21.00 MB
Current GC threshold: 97.31 MB
CDS: off
MetaspaceReclaimPolicy: balanced
 - commit_granule_bytes: 65536.
 - commit_granule_words: 8192.
 - virtual_space_node_default_size: 1048576.
 - enlarge_chunks_in_place: 1.
 - new_chunks_are_fully_committed: 0.
 - uncommit_free_chunks: 1.
 - use_allocation_guard: 0.
 - handle_deallocations: 1.


Internal statistics:

num_allocs_failed_limit: 9.
num_arena_births: 490.
num_arena_deaths: 14.
num_vsnodes_births: 8.
num_vsnodes_deaths: 0.
num_space_committed: 991.
num_space_uncommitted: 0.
num_chunks_returned_to_freelist: 23.
num_chunks_taken_from_freelist: 2773.
num_chunk_merges: 10.
num_chunk_splits: 1823.
num_chunks_enlarged: 1208.
num_purges: 2.
num_inconsistent_stats: 0.

CodeHeap 'non-profiled nmethods': size=120000Kb used=3185Kb max_used=3185Kb free=116814Kb
 bounds [0x000002142ccf0000, 0x000002142d010000, 0x0000021434220000]
CodeHeap 'profiled nmethods': size=120000Kb used=10667Kb max_used=10667Kb free=109332Kb
 bounds [0x00000214257c0000, 0x0000021426230000, 0x000002142ccf0000]
CodeHeap 'non-nmethods': size=5760Kb used=1300Kb max_used=1345Kb free=4459Kb
 bounds [0x0000021425220000, 0x0000021425490000, 0x00000214257c0000]
 total_blobs=6394 nmethods=5759 adapters=548
 compilation: enabled
              stopped_count=0, restarted_count=0
 full_count=0

Compilation events (20 events):
Event: 54.810 Thread 0x0000021437f90360 6627   !   3       jdk.internal.loader.BuiltinClassLoader::findMiscResource (122 bytes)
Event: 54.812 Thread 0x0000021437f90360 nmethod 6627 0x0000021425bf5a90 code [0x0000021425bf5d40, 0x0000021425bf6f58]
Event: 54.870 Thread 0x0000021437f90360 6628       3       org.eclipse.core.internal.registry.RegistryObjectManager::getHandles (235 bytes)
Event: 54.872 Thread 0x0000021437f90360 nmethod 6628 0x0000021425bf3c90 code [0x0000021425bf3f60, 0x0000021425bf5488]
Event: 54.882 Thread 0x0000021437f90360 6629       3       jdk.internal.org.objectweb.asm.MethodVisitor::visitFieldInsn (20 bytes)
Event: 54.883 Thread 0x0000021437f90360 nmethod 6629 0x0000021425bf3810 code [0x0000021425bf39c0, 0x0000021425bf3bc8]
Event: 54.884 Thread 0x0000021437f90360 6630  s    3       java.io.BufferedOutputStream::flush (12 bytes)
Event: 54.885 Thread 0x0000021437f90360 nmethod 6630 0x0000021425bf3110 code [0x0000021425bf32e0, 0x0000021425bf36d8]
Event: 54.896 Thread 0x0000021437f90360 6633       3       java.lang.invoke.BoundMethodHandle::editor (8 bytes)
Event: 54.897 Thread 0x0000021437f90360 nmethod 6633 0x0000021425bf2a10 code [0x0000021425bf2be0, 0x0000021425bf2f28]
Event: 54.908 Thread 0x0000021437f90360 6634       3       com.google.gson.stream.JsonWriter::push (47 bytes)
Event: 54.909 Thread 0x0000021437f90360 nmethod 6634 0x0000021425bf2510 code [0x0000021425bf26c0, 0x0000021425bf28a8]
Event: 54.909 Thread 0x0000021437f90360 6635       1       org.eclipse.core.runtime.Status::getMessage (5 bytes)
Event: 54.909 Thread 0x0000021437f90360 nmethod 6635 0x000002142d00c090 code [0x000002142d00c220, 0x000002142d00c2f8]
Event: 54.927 Thread 0x0000021437f90360 6636       1       org.eclipse.jdt.ls.core.internal.preferences.PreferenceManager::getClientPreferences (5 bytes)
Event: 54.927 Thread 0x0000021437f90360 nmethod 6636 0x000002142d00c390 code [0x000002142d00c520, 0x000002142d00c5f8]
Event: 54.933 Thread 0x0000021437f90360 6637       3       java.io.PrintStream::ensureOpen (18 bytes)
Event: 54.934 Thread 0x0000021437f90360 nmethod 6637 0x0000021425bf2090 code [0x0000021425bf2240, 0x0000021425bf2448]
Event: 55.001 Thread 0x0000021437f90360 6639       3       java.lang.invoke.MemberName::asSpecial (89 bytes)
Event: 55.003 Thread 0x0000021437f90360 nmethod 6639 0x0000021425bf0d10 code [0x0000021425bf0fe0, 0x0000021425bf1c68]

GC Heap History (20 events):
Event: 17.481 GC heap before
{Heap before GC invocations=33 (full 2):
 PSYoungGen      total 13312K, used 13122K [0x00000000eab00000, 0x00000000ebc80000, 0x0000000100000000)
  eden space 12800K, 100% used [0x00000000eab00000,0x00000000eb780000,0x00000000eb780000)
  from space 512K, 63% used [0x00000000ebc00000,0x00000000ebc50a50,0x00000000ebc80000)
  to   space 512K, 0% used [0x00000000ebb80000,0x00000000ebb80000,0x00000000ebc00000)
 ParOldGen       total 68608K, used 45250K [0x00000000c0000000, 0x00000000c4300000, 0x00000000eab00000)
  object space 68608K, 65% used [0x00000000c0000000,0x00000000c2c30b18,0x00000000c4300000)
 Metaspace       used 57219K, committed 58176K, reserved 1105920K
  class space    used 6958K, committed 7360K, reserved 1048576K
}
Event: 17.482 GC heap after
{Heap after GC invocations=33 (full 2):
 PSYoungGen      total 13312K, used 256K [0x00000000eab00000, 0x00000000ebc80000, 0x0000000100000000)
  eden space 12800K, 0% used [0x00000000eab00000,0x00000000eab00000,0x00000000eb780000)
  from space 512K, 50% used [0x00000000ebb80000,0x00000000ebbc0000,0x00000000ebc00000)
  to   space 512K, 0% used [0x00000000ebc00000,0x00000000ebc00000,0x00000000ebc80000)
 ParOldGen       total 68608K, used 45378K [0x00000000c0000000, 0x00000000c4300000, 0x00000000eab00000)
  object space 68608K, 66% used [0x00000000c0000000,0x00000000c2c50b28,0x00000000c4300000)
 Metaspace       used 57219K, committed 58176K, reserved 1105920K
  class space    used 6958K, committed 7360K, reserved 1048576K
}
Event: 18.916 GC heap before
{Heap before GC invocations=34 (full 2):
 PSYoungGen      total 13312K, used 13056K [0x00000000eab00000, 0x00000000ebc80000, 0x0000000100000000)
  eden space 12800K, 100% used [0x00000000eab00000,0x00000000eb780000,0x00000000eb780000)
  from space 512K, 50% used [0x00000000ebb80000,0x00000000ebbc0000,0x00000000ebc00000)
  to   space 512K, 0% used [0x00000000ebc00000,0x00000000ebc00000,0x00000000ebc80000)
 ParOldGen       total 68608K, used 45378K [0x00000000c0000000, 0x00000000c4300000, 0x00000000eab00000)
  object space 68608K, 66% used [0x00000000c0000000,0x00000000c2c50b28,0x00000000c4300000)
 Metaspace       used 58016K, committed 59008K, reserved 1105920K
  class space    used 7078K, committed 7488K, reserved 1048576K
}
Event: 18.919 GC heap after
{Heap after GC invocations=34 (full 2):
 PSYoungGen      total 13312K, used 512K [0x00000000eab00000, 0x00000000ebc80000, 0x0000000100000000)
  eden space 12800K, 0% used [0x00000000eab00000,0x00000000eab00000,0x00000000eb780000)
  from space 512K, 100% used [0x00000000ebc00000,0x00000000ebc80000,0x00000000ebc80000)
  to   space 2048K, 0% used [0x00000000eb880000,0x00000000eb880000,0x00000000eba80000)
 ParOldGen       total 68608K, used 46402K [0x00000000c0000000, 0x00000000c4300000, 0x00000000eab00000)
  object space 68608K, 67% used [0x00000000c0000000,0x00000000c2d50828,0x00000000c4300000)
 Metaspace       used 58016K, committed 59008K, reserved 1105920K
  class space    used 7078K, committed 7488K, reserved 1048576K
}
Event: 25.783 GC heap before
{Heap before GC invocations=35 (full 2):
 PSYoungGen      total 13312K, used 8770K [0x00000000eab00000, 0x00000000ebc80000, 0x0000000100000000)
  eden space 12800K, 64% used [0x00000000eab00000,0x00000000eb310918,0x00000000eb780000)
  from space 512K, 100% used [0x00000000ebc00000,0x00000000ebc80000,0x00000000ebc80000)
  to   space 2048K, 0% used [0x00000000eb880000,0x00000000eb880000,0x00000000eba80000)
 ParOldGen       total 68608K, used 46402K [0x00000000c0000000, 0x00000000c4300000, 0x00000000eab00000)
  object space 68608K, 67% used [0x00000000c0000000,0x00000000c2d50828,0x00000000c4300000)
 Metaspace       used 58810K, committed 59776K, reserved 1105920K
  class space    used 7181K, committed 7616K, reserved 1048576K
}
Event: 25.785 GC heap after
{Heap after GC invocations=35 (full 2):
 PSYoungGen      total 14848K, used 544K [0x00000000eab00000, 0x00000000ebc80000, 0x0000000100000000)
  eden space 12800K, 0% used [0x00000000eab00000,0x00000000eab00000,0x00000000eb780000)
  from space 2048K, 26% used [0x00000000eb880000,0x00000000eb908000,0x00000000eba80000)
  to   space 1024K, 0% used [0x00000000ebb80000,0x00000000ebb80000,0x00000000ebc80000)
 ParOldGen       total 68608K, used 46914K [0x00000000c0000000, 0x00000000c4300000, 0x00000000eab00000)
  object space 68608K, 68% used [0x00000000c0000000,0x00000000c2dd0848,0x00000000c4300000)
 Metaspace       used 58810K, committed 59776K, reserved 1105920K
  class space    used 7181K, committed 7616K, reserved 1048576K
}
Event: 25.786 GC heap before
{Heap before GC invocations=36 (full 3):
 PSYoungGen      total 14848K, used 544K [0x00000000eab00000, 0x00000000ebc80000, 0x0000000100000000)
  eden space 12800K, 0% used [0x00000000eab00000,0x00000000eab00000,0x00000000eb780000)
  from space 2048K, 26% used [0x00000000eb880000,0x00000000eb908000,0x00000000eba80000)
  to   space 1024K, 0% used [0x00000000ebb80000,0x00000000ebb80000,0x00000000ebc80000)
 ParOldGen       total 68608K, used 46914K [0x00000000c0000000, 0x00000000c4300000, 0x00000000eab00000)
  object space 68608K, 68% used [0x00000000c0000000,0x00000000c2dd0848,0x00000000c4300000)
 Metaspace       used 58810K, committed 59776K, reserved 1105920K
  class space    used 7181K, committed 7616K, reserved 1048576K
}
Event: 25.877 GC heap after
{Heap after GC invocations=36 (full 3):
 PSYoungGen      total 14848K, used 0K [0x00000000eab00000, 0x00000000ebc80000, 0x0000000100000000)
  eden space 12800K, 0% used [0x00000000eab00000,0x00000000eab00000,0x00000000eb780000)
  from space 2048K, 0% used [0x00000000eb880000,0x00000000eb880000,0x00000000eba80000)
  to   space 1024K, 0% used [0x00000000ebb80000,0x00000000ebb80000,0x00000000ebc80000)
 ParOldGen       total 68608K, used 43599K [0x00000000c0000000, 0x00000000c4300000, 0x00000000eab00000)
  object space 68608K, 63% used [0x00000000c0000000,0x00000000c2a93ff8,0x00000000c4300000)
 Metaspace       used 58810K, committed 59776K, reserved 1105920K
  class space    used 7181K, committed 7616K, reserved 1048576K
}
Event: 35.894 GC heap before
{Heap before GC invocations=37 (full 3):
 PSYoungGen      total 14848K, used 12800K [0x00000000eab00000, 0x00000000ebc80000, 0x0000000100000000)
  eden space 12800K, 100% used [0x00000000eab00000,0x00000000eb780000,0x00000000eb780000)
  from space 2048K, 0% used [0x00000000eb880000,0x00000000eb880000,0x00000000eba80000)
  to   space 1024K, 0% used [0x00000000ebb80000,0x00000000ebb80000,0x00000000ebc80000)
 ParOldGen       total 68608K, used 43599K [0x00000000c0000000, 0x00000000c4300000, 0x00000000eab00000)
  object space 68608K, 63% used [0x00000000c0000000,0x00000000c2a93ff8,0x00000000c4300000)
 Metaspace       used 58889K, committed 59840K, reserved 1105920K
  class space    used 7193K, committed 7616K, reserved 1048576K
}
Event: 35.896 GC heap after
{Heap after GC invocations=37 (full 3):
 PSYoungGen      total 13824K, used 1024K [0x00000000eab00000, 0x00000000ebc80000, 0x0000000100000000)
  eden space 12800K, 0% used [0x00000000eab00000,0x00000000eab00000,0x00000000eb780000)
  from space 1024K, 100% used [0x00000000ebb80000,0x00000000ebc80000,0x00000000ebc80000)
  to   space 2560K, 0% used [0x00000000eb780000,0x00000000eb780000,0x00000000eba00000)
 ParOldGen       total 68608K, used 44815K [0x00000000c0000000, 0x00000000c4300000, 0x00000000eab00000)
  object space 68608K, 65% used [0x00000000c0000000,0x00000000c2bc3ff8,0x00000000c4300000)
 Metaspace       used 58889K, committed 59840K, reserved 1105920K
  class space    used 7193K, committed 7616K, reserved 1048576K
}
Event: 46.744 GC heap before
{Heap before GC invocations=38 (full 3):
 PSYoungGen      total 13824K, used 13824K [0x00000000eab00000, 0x00000000ebc80000, 0x0000000100000000)
  eden space 12800K, 100% used [0x00000000eab00000,0x00000000eb780000,0x00000000eb780000)
  from space 1024K, 100% used [0x00000000ebb80000,0x00000000ebc80000,0x00000000ebc80000)
  to   space 2560K, 0% used [0x00000000eb780000,0x00000000eb780000,0x00000000eba00000)
 ParOldGen       total 68608K, used 44815K [0x00000000c0000000, 0x00000000c4300000, 0x00000000eab00000)
  object space 68608K, 65% used [0x00000000c0000000,0x00000000c2bc3ff8,0x00000000c4300000)
 Metaspace       used 59047K, committed 60032K, reserved 1105920K
  class space    used 7216K, committed 7680K, reserved 1048576K
}
Event: 46.747 GC heap after
{Heap after GC invocations=38 (full 3):
 PSYoungGen      total 15360K, used 256K [0x00000000eab00000, 0x00000000ebc00000, 0x0000000100000000)
  eden space 12800K, 0% used [0x00000000eab00000,0x00000000eab00000,0x00000000eb780000)
  from space 2560K, 10% used [0x00000000eb780000,0x00000000eb7c0000,0x00000000eba00000)
  to   space 1024K, 0% used [0x00000000ebb00000,0x00000000ebb00000,0x00000000ebc00000)
 ParOldGen       total 68608K, used 45055K [0x00000000c0000000, 0x00000000c4300000, 0x00000000eab00000)
  object space 68608K, 65% used [0x00000000c0000000,0x00000000c2bffff8,0x00000000c4300000)
 Metaspace       used 59047K, committed 60032K, reserved 1105920K
  class space    used 7216K, committed 7680K, reserved 1048576K
}
Event: 48.553 GC heap before
{Heap before GC invocations=39 (full 3):
 PSYoungGen      total 15360K, used 13056K [0x00000000eab00000, 0x00000000ebc00000, 0x0000000100000000)
  eden space 12800K, 100% used [0x00000000eab00000,0x00000000eb780000,0x00000000eb780000)
  from space 2560K, 10% used [0x00000000eb780000,0x00000000eb7c0000,0x00000000eba00000)
  to   space 1024K, 0% used [0x00000000ebb00000,0x00000000ebb00000,0x00000000ebc00000)
 ParOldGen       total 68608K, used 45055K [0x00000000c0000000, 0x00000000c4300000, 0x00000000eab00000)
  object space 68608K, 65% used [0x00000000c0000000,0x00000000c2bffff8,0x00000000c4300000)
 Metaspace       used 59236K, committed 60288K, reserved 1105920K
  class space    used 7227K, committed 7680K, reserved 1048576K
}
Event: 48.554 GC heap after
{Heap after GC invocations=39 (full 3):
 PSYoungGen      total 13312K, used 320K [0x00000000eab00000, 0x00000000ebb80000, 0x0000000100000000)
  eden space 12800K, 0% used [0x00000000eab00000,0x00000000eab00000,0x00000000eb780000)
  from space 512K, 62% used [0x00000000ebb00000,0x00000000ebb50000,0x00000000ebb80000)
  to   space 512K, 0% used [0x00000000eba80000,0x00000000eba80000,0x00000000ebb00000)
 ParOldGen       total 68608K, used 45153K [0x00000000c0000000, 0x00000000c4300000, 0x00000000eab00000)
  object space 68608K, 65% used [0x00000000c0000000,0x00000000c2c18730,0x00000000c4300000)
 Metaspace       used 59236K, committed 60288K, reserved 1105920K
  class space    used 7227K, committed 7680K, reserved 1048576K
}
Event: 53.322 GC heap before
{Heap before GC invocations=40 (full 3):
 PSYoungGen      total 13312K, used 13120K [0x00000000eab00000, 0x00000000ebb80000, 0x0000000100000000)
  eden space 12800K, 100% used [0x00000000eab00000,0x00000000eb780000,0x00000000eb780000)
  from space 512K, 62% used [0x00000000ebb00000,0x00000000ebb50000,0x00000000ebb80000)
  to   space 512K, 0% used [0x00000000eba80000,0x00000000eba80000,0x00000000ebb00000)
 ParOldGen       total 68608K, used 45153K [0x00000000c0000000, 0x00000000c4300000, 0x00000000eab00000)
  object space 68608K, 65% used [0x00000000c0000000,0x00000000c2c18730,0x00000000c4300000)
 Metaspace       used 59656K, committed 60608K, reserved 1105920K
  class space    used 7268K, committed 7680K, reserved 1048576K
}
Event: 53.392 GC heap after
{Heap after GC invocations=40 (full 3):
 PSYoungGen      total 13312K, used 416K [0x00000000eab00000, 0x00000000ebb80000, 0x0000000100000000)
  eden space 12800K, 0% used [0x00000000eab00000,0x00000000eab00000,0x00000000eb780000)
  from space 512K, 81% used [0x00000000eba80000,0x00000000ebae8000,0x00000000ebb00000)
  to   space 512K, 0% used [0x00000000ebb00000,0x00000000ebb00000,0x00000000ebb80000)
 ParOldGen       total 68608K, used 45306K [0x00000000c0000000, 0x00000000c4300000, 0x00000000eab00000)
  object space 68608K, 66% used [0x00000000c0000000,0x00000000c2c3ea10,0x00000000c4300000)
 Metaspace       used 59656K, committed 60608K, reserved 1105920K
  class space    used 7268K, committed 7680K, reserved 1048576K
}
Event: 53.577 GC heap before
{Heap before GC invocations=41 (full 3):
 PSYoungGen      total 13312K, used 13216K [0x00000000eab00000, 0x00000000ebb80000, 0x0000000100000000)
  eden space 12800K, 100% used [0x00000000eab00000,0x00000000eb780000,0x00000000eb780000)
  from space 512K, 81% used [0x00000000eba80000,0x00000000ebae8000,0x00000000ebb00000)
  to   space 512K, 0% used [0x00000000ebb00000,0x00000000ebb00000,0x00000000ebb80000)
 ParOldGen       total 68608K, used 45306K [0x00000000c0000000, 0x00000000c4300000, 0x00000000eab00000)
  object space 68608K, 66% used [0x00000000c0000000,0x00000000c2c3ea10,0x00000000c4300000)
 Metaspace       used 59664K, committed 60672K, reserved 1105920K
  class space    used 7268K, committed 7680K, reserved 1048576K
}
Event: 53.655 GC heap after
{Heap after GC invocations=41 (full 3):
 PSYoungGen      total 13312K, used 192K [0x00000000eab00000, 0x00000000ebb80000, 0x0000000100000000)
  eden space 12800K, 0% used [0x00000000eab00000,0x00000000eab00000,0x00000000eb780000)
  from space 512K, 37% used [0x00000000ebb00000,0x00000000ebb30000,0x00000000ebb80000)
  to   space 512K, 0% used [0x00000000eba80000,0x00000000eba80000,0x00000000ebb00000)
 ParOldGen       total 68608K, used 45661K [0x00000000c0000000, 0x00000000c4300000, 0x00000000eab00000)
  object space 68608K, 66% used [0x00000000c0000000,0x00000000c2c975c0,0x00000000c4300000)
 Metaspace       used 59664K, committed 60672K, reserved 1105920K
  class space    used 7268K, committed 7680K, reserved 1048576K
}
Event: 54.499 GC heap before
{Heap before GC invocations=42 (full 3):
 PSYoungGen      total 13312K, used 12970K [0x00000000eab00000, 0x00000000ebb80000, 0x0000000100000000)
  eden space 12800K, 99% used [0x00000000eab00000,0x00000000eb77a910,0x00000000eb780000)
  from space 512K, 37% used [0x00000000ebb00000,0x00000000ebb30000,0x00000000ebb80000)
  to   space 512K, 0% used [0x00000000eba80000,0x00000000eba80000,0x00000000ebb00000)
 ParOldGen       total 68608K, used 45661K [0x00000000c0000000, 0x00000000c4300000, 0x00000000eab00000)
  object space 68608K, 66% used [0x00000000c0000000,0x00000000c2c975c0,0x00000000c4300000)
 Metaspace       used 61202K, committed 62272K, reserved 1105920K
  class space    used 7402K, committed 7872K, reserved 1048576K
}
Event: 54.501 GC heap after
{Heap after GC invocations=42 (full 3):
 PSYoungGen      total 13312K, used 483K [0x00000000eab00000, 0x00000000ebb80000, 0x0000000100000000)
  eden space 12800K, 0% used [0x00000000eab00000,0x00000000eab00000,0x00000000eb780000)
  from space 512K, 94% used [0x00000000eba80000,0x00000000ebaf8f78,0x00000000ebb00000)
  to   space 512K, 0% used [0x00000000ebb00000,0x00000000ebb00000,0x00000000ebb80000)
 ParOldGen       total 68608K, used 45821K [0x00000000c0000000, 0x00000000c4300000, 0x00000000eab00000)
  object space 68608K, 66% used [0x00000000c0000000,0x00000000c2cbf5c0,0x00000000c4300000)
 Metaspace       used 61202K, committed 62272K, reserved 1105920K
  class space    used 7402K, committed 7872K, reserved 1048576K
}

Dll operation events (15 events):
Event: 0.031 Loaded shared library c:\Users\prana\.vscode\extensions\redhat.java-1.13.0-win32-x64\jre\17.0.5-win32-x86_64\bin\java.dll
Event: 0.458 Loaded shared library c:\Users\prana\.vscode\extensions\redhat.java-1.13.0-win32-x64\jre\17.0.5-win32-x86_64\bin\zip.dll
Event: 0.466 Loaded shared library C:\Users\prana\.vscode\extensions\redhat.java-1.13.0-win32-x64\jre\17.0.5-win32-x86_64\bin\instrument.dll
Event: 0.507 Loaded shared library C:\Users\prana\.vscode\extensions\redhat.java-1.13.0-win32-x64\jre\17.0.5-win32-x86_64\bin\net.dll
Event: 0.522 Loaded shared library C:\Users\prana\.vscode\extensions\redhat.java-1.13.0-win32-x64\jre\17.0.5-win32-x86_64\bin\nio.dll
Event: 0.537 Loaded shared library C:\Users\prana\.vscode\extensions\redhat.java-1.13.0-win32-x64\jre\17.0.5-win32-x86_64\bin\zip.dll
Event: 0.573 Loaded shared library C:\Users\prana\.vscode\extensions\redhat.java-1.13.0-win32-x64\jre\17.0.5-win32-x86_64\bin\jimage.dll
Event: 0.711 Loaded shared library c:\Users\prana\.vscode\extensions\redhat.java-1.13.0-win32-x64\jre\17.0.5-win32-x86_64\bin\verify.dll
Event: 3.788 Loaded shared library C:\Users\prana\AppData\Roaming\Code\User\globalStorage\redhat.java\1.13.0\config_win\org.eclipse.equinox.launcher\org.eclipse.equinox.launcher.win32.win32.x86_64_1.2.600.v20220720-1916\eclipse_11700.dll
Event: 8.761 Loaded shared library C:\Users\prana\AppData\Local\Temp\jna-106927250\jna2710578863729973154.dll
Event: 13.062 Loaded shared library C:\Users\prana\.gradle\native\fdc75f09e3144964f2cf3f50f0aa648679c211496f362492102eb8c894070792\windows-amd64\native-platform.dll
Event: 13.074 Loaded shared library C:\Users\prana\.gradle\native\12488b8bf47d2d4c9fbf2f6322a914ad602e24e48041cd04a747c6da556b65c4\windows-amd64\native-platform-file-events.dll
Event: 14.854 Loaded shared library C:\Users\prana\.vscode\extensions\redhat.java-1.13.0-win32-x64\jre\17.0.5-win32-x86_64\bin\management.dll
Event: 14.865 Loaded shared library C:\Users\prana\.vscode\extensions\redhat.java-1.13.0-win32-x64\jre\17.0.5-win32-x86_64\bin\management_ext.dll
Event: 25.638 Loaded shared library C:\Users\prana\.vscode\extensions\redhat.java-1.13.0-win32-x64\jre\17.0.5-win32-x86_64\bin\sunmscapi.dll

Deoptimization events (20 events):
Event: 54.060 Thread 0x000002143d0ab000 Uncommon trap: trap_request=0xffffff45 fr.pc=0x000002142ce06678 relative=0x00000000000002d8
Event: 54.060 Thread 0x000002143d0ab000 Uncommon trap: reason=unstable_if action=reinterpret pc=0x000002142ce06678 method=org.objectweb.asm.Label.resolve([BI)Z @ 80 c2
Event: 54.060 Thread 0x000002143d0ab000 DEOPT PACKING pc=0x000002142ce06678 sp=0x00000034f37f7db0
Event: 54.060 Thread 0x000002143d0ab000 DEOPT UNPACKING pc=0x00000214252720a3 sp=0x00000034f37f7cb0 mode 2
Event: 54.598 Thread 0x000002143d0ab000 DEOPT PACKING pc=0x0000021426037ba1 sp=0x00000034f37fd600
Event: 54.598 Thread 0x000002143d0ab000 DEOPT UNPACKING pc=0x0000021425272843 sp=0x00000034f37fcab8 mode 0
Event: 54.663 Thread 0x000002143d0ab000 DEOPT PACKING pc=0x00000214257c71c7 sp=0x00000034f37fd8c0
Event: 54.664 Thread 0x000002143d0ab000 DEOPT UNPACKING pc=0x0000021425272843 sp=0x00000034f37fcdd8 mode 0
Event: 54.832 Thread 0x000002143d0a9320 Uncommon trap: trap_request=0xffffffc6 fr.pc=0x000002142cdf3380 relative=0x00000000000001e0
Event: 54.832 Thread 0x000002143d0a9320 Uncommon trap: reason=bimorphic_or_optimized_type_check action=maybe_recompile pc=0x000002142cdf3380 method=java.util.Collections.eq(Ljava/lang/Object;Ljava/lang/Object;)Z @ 18 c2
Event: 54.832 Thread 0x000002143d0a9320 DEOPT PACKING pc=0x000002142cdf3380 sp=0x00000034f31fe8f0
Event: 54.832 Thread 0x000002143d0a9320 DEOPT UNPACKING pc=0x00000214252720a3 sp=0x00000034f31fe830 mode 2
Event: 54.834 Thread 0x000002143d0a9320 Uncommon trap: trap_request=0xffffffc6 fr.pc=0x000002142cdf3380 relative=0x00000000000001e0
Event: 54.834 Thread 0x000002143d0a9320 Uncommon trap: reason=bimorphic_or_optimized_type_check action=maybe_recompile pc=0x000002142cdf3380 method=java.util.Collections.eq(Ljava/lang/Object;Ljava/lang/Object;)Z @ 18 c2
Event: 54.834 Thread 0x000002143d0a9320 DEOPT PACKING pc=0x000002142cdf3380 sp=0x00000034f31fea50
Event: 54.834 Thread 0x000002143d0a9320 DEOPT UNPACKING pc=0x00000214252720a3 sp=0x00000034f31fe990 mode 2
Event: 54.935 Thread 0x000002143d0a9320 DEOPT PACKING pc=0x00000214258dfefc sp=0x00000034f31fa120
Event: 54.935 Thread 0x000002143d0a9320 DEOPT UNPACKING pc=0x0000021425272843 sp=0x00000034f31f96a0 mode 0
Event: 55.032 Thread 0x000002143d0a9320 DEOPT PACKING pc=0x00000214257c71c7 sp=0x00000034f31fded0
Event: 55.032 Thread 0x000002143d0a9320 DEOPT UNPACKING pc=0x0000021425272843 sp=0x00000034f31fd3e8 mode 0

Classes unloaded (7 events):
Event: 6.023 Thread 0x000002143640f8a0 Unloading class 0x000000010021a400 'java/lang/invoke/LambdaForm$MH+0x000000010021a400'
Event: 6.023 Thread 0x000002143640f8a0 Unloading class 0x000000010021a000 'java/lang/invoke/LambdaForm$MH+0x000000010021a000'
Event: 6.023 Thread 0x000002143640f8a0 Unloading class 0x0000000100219c00 'java/lang/invoke/LambdaForm$MH+0x0000000100219c00'
Event: 6.023 Thread 0x000002143640f8a0 Unloading class 0x0000000100219800 'java/lang/invoke/LambdaForm$MH+0x0000000100219800'
Event: 6.023 Thread 0x000002143640f8a0 Unloading class 0x0000000100219000 'java/lang/invoke/LambdaForm$BMH+0x0000000100219000'
Event: 6.024 Thread 0x000002143640f8a0 Unloading class 0x0000000100218c00 'java/lang/invoke/LambdaForm$DMH+0x0000000100218c00'
Event: 6.024 Thread 0x000002143640f8a0 Unloading class 0x0000000100216000 'java/lang/invoke/LambdaForm$DMH+0x0000000100216000'

Classes redefined (0 events):
No events

Internal exceptions (20 events):
Event: 48.166 Thread 0x000002143a6b06f0 Exception <a 'sun/nio/fs/WindowsException'{0x00000000eb555028}> (0x00000000eb555028) 
thrown [s\src\hotspot\share\prims\jni.cpp, line 516]
Event: 48.167 Thread 0x000002143a6b06f0 Exception <a 'sun/nio/fs/WindowsException'{0x00000000eb558718}> (0x00000000eb558718) 
thrown [s\src\hotspot\share\prims\jni.cpp, line 516]
Event: 48.169 Thread 0x000002143a6b06f0 Exception <a 'sun/nio/fs/WindowsException'{0x00000000eb55c040}> (0x00000000eb55c040) 
thrown [s\src\hotspot\share\prims\jni.cpp, line 516]
Event: 48.170 Thread 0x000002143a6b06f0 Exception <a 'sun/nio/fs/WindowsException'{0x00000000eb55f700}> (0x00000000eb55f700) 
thrown [s\src\hotspot\share\prims\jni.cpp, line 516]
Event: 48.170 Thread 0x000002143a6b06f0 Exception <a 'sun/nio/fs/WindowsException'{0x00000000eb563e80}> (0x00000000eb563e80) 
thrown [s\src\hotspot\share\prims\jni.cpp, line 516]
Event: 48.187 Thread 0x000002143a6b06f0 Exception <a 'sun/nio/fs/WindowsException'{0x00000000eb5671a8}> (0x00000000eb5671a8) 
thrown [s\src\hotspot\share\prims\jni.cpp, line 516]
Event: 48.189 Thread 0x000002143a6b06f0 Exception <a 'sun/nio/fs/WindowsException'{0x00000000eb56a6d0}> (0x00000000eb56a6d0) 
thrown [s\src\hotspot\share\prims\jni.cpp, line 516]
Event: 48.263 Thread 0x000002143a6b06f0 Exception <a 'sun/nio/fs/WindowsException'{0x00000000eb59ae40}> (0x00000000eb59ae40) 
thrown [s\src\hotspot\share\prims\jni.cpp, line 516]
Event: 48.317 Thread 0x000002143a6b06f0 Exception <a 'sun/nio/fs/WindowsException'{0x00000000eb5b4948}> (0x00000000eb5b4948) 
thrown [s\src\hotspot\share\prims\jni.cpp, line 516]
Event: 48.467 Thread 0x000002143a6af880 Exception <a 'sun/nio/fs/WindowsException'{0x00000000eb6d8b20}> (0x00000000eb6d8b20) 
thrown [s\src\hotspot\share\prims\jni.cpp, line 516]
Event: 48.493 Thread 0x000002143a6af880 Exception <a 'sun/nio/fs/WindowsException'{0x00000000eb719b10}> (0x00000000eb719b10) 
thrown [s\src\hotspot\share\prims\jni.cpp, line 516]
Event: 48.529 Thread 0x000002143a6af880 Exception <a 'java/lang/NoSuchMethodError'{0x00000000eb75b150}: 'java.lang.Object java.lang.invoke.DirectMethodHandle$Holder.invokeStatic(java.lang.Object, java.lang.Object, int, java.lang.Object)'> (0x00000000eb75b150) 
thrown [s\src\hotspot\share\interpreter\linkResolver.cpp, line 759]
Event: 48.530 Thread 0x000002143a6af880 Exception <a 'java/lang/NoSuchMethodError'{0x00000000eb771bc0}: 'java.lang.Object java.lang.invoke.DirectMethodHandle$Holder.newInvokeSpecial(java.lang.Object, java.lang.Object, int)'> (0x00000000eb771bc0) 
thrown [s\src\hotspot\share\interpreter\linkResolver.cpp, line 759]
Event: 51.565 Thread 0x000002143d0ab000 Exception <a 'java/lang/NoSuchMethodError'{0x00000000eb3f5810}: 'int java.lang.invoke.DirectMethodHandle$Holder.invokeStatic(java.lang.Object)'> (0x00000000eb3f5810) 
thrown [s\src\hotspot\share\interpreter\linkResolver.cpp, line 759]
Event: 52.354 Thread 0x000002143d0ab000 Exception <a 'java/io/FileNotFoundException'{0x00000000eb49ba18}> (0x00000000eb49ba18) 
thrown [s\src\hotspot\share\prims\jni.cpp, line 516]
Event: 52.355 Thread 0x000002143d0ab000 Exception <a 'java/io/FileNotFoundException'{0x00000000eb49d830}> (0x00000000eb49d830) 
thrown [s\src\hotspot\share\prims\jni.cpp, line 516]
Event: 52.355 Thread 0x000002143d0ab000 Exception <a 'java/io/FileNotFoundException'{0x00000000eb49edc8}> (0x00000000eb49edc8) 
thrown [s\src\hotspot\share\prims\jni.cpp, line 516]
Event: 54.059 Thread 0x000002143d0ab000 Implicit null exception at 0x000002142ce70448 to 0x000002142ce70508
Event: 54.688 Thread 0x000002143a6aea10 Exception <a 'java/lang/NoSuchMethodError'{0x00000000eae3c6d8}: 'java.lang.Object java.lang.invoke.DirectMethodHandle$Holder.newInvokeSpecial(java.lang.Object, java.lang.Object, java.lang.Object, java.lang.Object, java.lang.Object, java.lang.Object)'> (0x00000000eae3c6d8) 
thrown [s\src\hotspot\share\interpreter\linkResolver.cpp, line 759]
Event: 54.870 Thread 0x000002143d0a9320 Exception <a 'java/io/FileNotFoundException'{0x00000000eb1a7bc8}> (0x00000000eb1a7bc8) 
thrown [s\src\hotspot\share\prims\jni.cpp, line 516]

VM Operations (20 events):
Event: 45.765 Executing VM operation: Cleanup
Event: 45.765 Executing VM operation: Cleanup done
Event: 46.744 Executing VM operation: ParallelGCFailedAllocation
Event: 46.747 Executing VM operation: ParallelGCFailedAllocation done
Event: 48.532 Executing VM operation: ParallelGCFailedAllocation
Event: 48.554 Executing VM operation: ParallelGCFailedAllocation done
Event: 50.555 Executing VM operation: Cleanup
Event: 50.555 Executing VM operation: Cleanup done
Event: 51.555 Executing VM operation: Cleanup
Event: 51.555 Executing VM operation: Cleanup done
Event: 52.556 Executing VM operation: Cleanup
Event: 52.556 Executing VM operation: Cleanup done
Event: 53.322 Executing VM operation: ParallelGCFailedAllocation
Event: 53.392 Executing VM operation: ParallelGCFailedAllocation done
Event: 53.576 Executing VM operation: ParallelGCFailedAllocation
Event: 53.655 Executing VM operation: ParallelGCFailedAllocation done
Event: 54.499 Executing VM operation: ParallelGCFailedAllocation
Event: 54.501 Executing VM operation: ParallelGCFailedAllocation done
Event: 54.621 Executing VM operation: HandshakeAllThreads
Event: 54.622 Executing VM operation: HandshakeAllThreads done

Events (20 events):
Event: 48.624 Thread 0x000002143d0ac340 Thread added: 0x000002143d0ac340
Event: 48.943 Thread 0x000002143d0a5e30 Thread added: 0x000002143d0a5e30
Event: 48.952 Thread 0x000002143d0ab9a0 Thread added: 0x000002143d0ab9a0
Event: 48.952 Thread 0x000002143d0ab9a0 Thread exited: 0x000002143d0ab9a0
Event: 48.953 Thread 0x000002143d0ac810 Thread added: 0x000002143d0ac810
Event: 49.181 Thread 0x000002143d0a6ca0 Thread added: 0x000002143d0a6ca0
Event: 51.016 Thread 0x000002143d0ac810 Thread exited: 0x000002143d0ac810
Event: 51.016 Thread 0x000002143d0a5e30 Thread exited: 0x000002143d0a5e30
Event: 51.017 Thread 0x000002143d0ac340 Thread exited: 0x000002143d0ac340
Event: 51.018 Thread 0x000002143d0aab30 Thread exited: 0x000002143d0aab30
Event: 54.294 loading class java/lang/ExceptionInInitializerError
Event: 54.295 loading class java/lang/ExceptionInInitializerError done
Event: 54.808 loading class java/io/SequenceInputStream
Event: 54.808 loading class java/io/SequenceInputStream done
Event: 54.875 loading class sun/nio/cs/ISO_8859_1$Decoder
Event: 54.876 loading class sun/nio/cs/ISO_8859_1$Decoder done
Event: 55.012 loading class java/util/Collections$SynchronizedRandomAccessList
Event: 55.018 loading class java/util/Collections$SynchronizedList
Event: 55.019 loading class java/util/Collections$SynchronizedList done
Event: 55.019 loading class java/util/Collections$SynchronizedRandomAccessList done


Dynamic libraries:
0x00007ff6fe710000 - 0x00007ff6fe71e000 	c:\Users\prana\.vscode\extensions\redhat.java-1.13.0-win32-x64\jre\17.0.5-win32-x86_64\bin\java.exe
0x00007ffac2990000 - 0x00007ffac2ba4000 	C:\WINDOWS\SYSTEM32\ntdll.dll
0x00007ffac12a0000 - 0x00007ffac1363000 	C:\WINDOWS\System32\KERNEL32.DLL
0x00007ffac0270000 - 0x00007ffac060d000 	C:\WINDOWS\System32\KERNELBASE.dll
0x00007ffabff40000 - 0x00007ffac0051000 	C:\WINDOWS\System32\ucrtbase.dll
0x00007ffab0a10000 - 0x00007ffab0a27000 	c:\Users\prana\.vscode\extensions\redhat.java-1.13.0-win32-x64\jre\17.0.5-win32-x86_64\bin\jli.dll
0x00007ffaaf950000 - 0x00007ffaaf969000 	c:\Users\prana\.vscode\extensions\redhat.java-1.13.0-win32-x64\jre\17.0.5-win32-x86_64\bin\VCRUNTIME140.dll
0x00007ffac1860000 - 0x00007ffac1a0d000 	C:\WINDOWS\System32\USER32.dll
0x00007ffac0060000 - 0x00007ffac0086000 	C:\WINDOWS\System32\win32u.dll
0x00007ffac16b0000 - 0x00007ffac16d9000 	C:\WINDOWS\System32\GDI32.dll
0x00007ffaab3d0000 - 0x00007ffaab65e000 	C:\WINDOWS\WinSxS\amd64_microsoft.windows.common-controls_6595b64144ccf1df_6.0.22621.436_none_a94247dbc10d8414\COMCTL32.dll
0x00007ffabfdb0000 - 0x00007ffabfec2000 	C:\WINDOWS\System32\gdi32full.dll
0x00007ffac0090000 - 0x00007ffac012a000 	C:\WINDOWS\System32\msvcp_win.dll
0x00007ffac0b90000 - 0x00007ffac0c37000 	C:\WINDOWS\System32\msvcrt.dll
0x00007ffac10f0000 - 0x00007ffac1122000 	C:\WINDOWS\System32\IMM32.DLL
0x00007ffaba950000 - 0x00007ffaba95c000 	c:\Users\prana\.vscode\extensions\redhat.java-1.13.0-win32-x64\jre\17.0.5-win32-x86_64\bin\vcruntime140_1.dll
0x00007ffa8b640000 - 0x00007ffa8b6d1000 	c:\Users\prana\.vscode\extensions\redhat.java-1.13.0-win32-x64\jre\17.0.5-win32-x86_64\bin\msvcp140.dll
0x00007ffa3aaf0000 - 0x00007ffa3b734000 	c:\Users\prana\.vscode\extensions\redhat.java-1.13.0-win32-x64\jre\17.0.5-win32-x86_64\bin\server\jvm.dll
0x00007ffac1aa0000 - 0x00007ffac1b4e000 	C:\WINDOWS\System32\ADVAPI32.dll
0x00007ffac11f0000 - 0x00007ffac1294000 	C:\WINDOWS\System32\sechost.dll
0x00007ffac1740000 - 0x00007ffac1855000 	C:\WINDOWS\System32\RPCRT4.dll
0x00007ffab94e0000 - 0x00007ffab9514000 	C:\WINDOWS\SYSTEM32\WINMM.dll
0x00007ffabb250000 - 0x00007ffabb259000 	C:\WINDOWS\SYSTEM32\WSOCK32.dll
0x00007ffac0780000 - 0x00007ffac07f1000 	C:\WINDOWS\System32\WS2_32.dll
0x00007ffab6a20000 - 0x00007ffab6a2a000 	C:\WINDOWS\SYSTEM32\VERSION.dll
0x00007ffabede0000 - 0x00007ffabedf8000 	C:\WINDOWS\SYSTEM32\kernel.appcore.dll
0x00007ffab0920000 - 0x00007ffab092a000 	c:\Users\prana\.vscode\extensions\redhat.java-1.13.0-win32-x64\jre\17.0.5-win32-x86_64\bin\jimage.dll
0x00007ffabd690000 - 0x00007ffabd8be000 	C:\WINDOWS\SYSTEM32\DBGHELP.DLL
0x00007ffac0800000 - 0x00007ffac0b8a000 	C:\WINDOWS\System32\combase.dll
0x00007ffac1b60000 - 0x00007ffac1c37000 	C:\WINDOWS\System32\OLEAUT32.dll
0x00007ffaacae0000 - 0x00007ffaacb12000 	C:\WINDOWS\SYSTEM32\dbgcore.DLL
0x00007ffac01f0000 - 0x00007ffac026b000 	C:\WINDOWS\System32\bcryptPrimitives.dll
0x00007ffaaf8d0000 - 0x00007ffaaf8de000 	c:\Users\prana\.vscode\extensions\redhat.java-1.13.0-win32-x64\jre\17.0.5-win32-x86_64\bin\instrument.dll
0x00007ffaaf850000 - 0x00007ffaaf875000 	c:\Users\prana\.vscode\extensions\redhat.java-1.13.0-win32-x64\jre\17.0.5-win32-x86_64\bin\java.dll
0x00007ffaa7d40000 - 0x00007ffaa7d58000 	c:\Users\prana\.vscode\extensions\redhat.java-1.13.0-win32-x64\jre\17.0.5-win32-x86_64\bin\zip.dll
0x00007ffac20f0000 - 0x00007ffac28df000 	C:\WINDOWS\System32\SHELL32.dll
0x00007ffabdd90000 - 0x00007ffabe658000 	C:\WINDOWS\SYSTEM32\windows.storage.dll
0x00007ffabdc50000 - 0x00007ffabdd8e000 	C:\WINDOWS\SYSTEM32\wintypes.dll
0x00007ffac1590000 - 0x00007ffac1681000 	C:\WINDOWS\System32\SHCORE.dll
0x00007ffac1390000 - 0x00007ffac13ee000 	C:\WINDOWS\System32\shlwapi.dll
0x00007ffabfce0000 - 0x00007ffabfd01000 	C:\WINDOWS\SYSTEM32\profapi.dll
0x00007ffaa36a0000 - 0x00007ffaa36b9000 	C:\Users\prana\.vscode\extensions\redhat.java-1.13.0-win32-x64\jre\17.0.5-win32-x86_64\bin\net.dll
0x00007ffab9120000 - 0x00007ffab924f000 	C:\WINDOWS\SYSTEM32\WINHTTP.dll
0x00007ffabf250000 - 0x00007ffabf2b9000 	C:\WINDOWS\system32\mswsock.dll
0x00007ffaa35b0000 - 0x00007ffaa35c5000 	C:\Users\prana\.vscode\extensions\redhat.java-1.13.0-win32-x64\jre\17.0.5-win32-x86_64\bin\nio.dll
0x00007ffaaf8b0000 - 0x00007ffaaf8c0000 	c:\Users\prana\.vscode\extensions\redhat.java-1.13.0-win32-x64\jre\17.0.5-win32-x86_64\bin\verify.dll
0x00007ffab1950000 - 0x00007ffab198e000 	C:\Users\prana\AppData\Roaming\Code\User\globalStorage\redhat.java\1.13.0\config_win\org.eclipse.equinox.launcher\org.eclipse.equinox.launcher.win32.win32.x86_64_1.2.600.v20220720-1916\eclipse_11700.dll
0x00007ffac13f0000 - 0x00007ffac158c000 	C:\WINDOWS\System32\ole32.dll
0x00007ffabf4c0000 - 0x00007ffabf4db000 	C:\WINDOWS\SYSTEM32\CRYPTSP.dll
0x00007ffabed50000 - 0x00007ffabed85000 	C:\WINDOWS\system32\rsaenh.dll
0x00007ffabf360000 - 0x00007ffabf388000 	C:\WINDOWS\SYSTEM32\USERENV.dll
0x00007ffabf680000 - 0x00007ffabf6a8000 	C:\WINDOWS\SYSTEM32\bcrypt.dll
0x00007ffabf4e0000 - 0x00007ffabf4ec000 	C:\WINDOWS\SYSTEM32\CRYPTBASE.dll
0x00007ffabe8b0000 - 0x00007ffabe8dd000 	C:\WINDOWS\SYSTEM32\IPHLPAPI.DLL
0x00007ffac16a0000 - 0x00007ffac16a9000 	C:\WINDOWS\System32\NSI.dll
0x00007ffab8cc0000 - 0x00007ffab8cd9000 	C:\WINDOWS\SYSTEM32\dhcpcsvc6.DLL
0x00007ffab8be0000 - 0x00007ffab8bff000 	C:\WINDOWS\SYSTEM32\dhcpcsvc.DLL
0x00007ffabe920000 - 0x00007ffabea12000 	C:\WINDOWS\SYSTEM32\DNSAPI.dll
0x00007ffab1910000 - 0x00007ffab1950000 	C:\Users\prana\AppData\Local\Temp\jna-106927250\jna2710578863729973154.dll
0x00007ffac1b50000 - 0x00007ffac1b58000 	C:\WINDOWS\System32\PSAPI.DLL
0x00007ffaa0000000 - 0x00007ffaa0027000 	C:\Users\prana\.gradle\native\fdc75f09e3144964f2cf3f50f0aa648679c211496f362492102eb8c894070792\windows-amd64\native-platform.dll
0x00007ffa81fa0000 - 0x00007ffa82136000 	C:\Users\prana\.gradle\native\12488b8bf47d2d4c9fbf2f6322a914ad602e24e48041cd04a747c6da556b65c4\windows-amd64\native-platform-file-events.dll
0x00007ffabc4c0000 - 0x00007ffabc4c9000 	C:\Users\prana\.vscode\extensions\redhat.java-1.13.0-win32-x64\jre\17.0.5-win32-x86_64\bin\management.dll
0x00007ffabc4b0000 - 0x00007ffabc4bb000 	C:\Users\prana\.vscode\extensions\redhat.java-1.13.0-win32-x64\jre\17.0.5-win32-x86_64\bin\management_ext.dll
0x00007ffabce50000 - 0x00007ffabce5d000 	C:\WINDOWS\SYSTEM32\WINNSI.DLL
0x00007ffab1b00000 - 0x00007ffab1b0e000 	C:\Users\prana\.vscode\extensions\redhat.java-1.13.0-win32-x64\jre\17.0.5-win32-x86_64\bin\sunmscapi.dll
0x00007ffac0610000 - 0x00007ffac0776000 	C:\WINDOWS\System32\CRYPT32.dll
0x00007ffabf650000 - 0x00007ffabf67d000 	C:\WINDOWS\SYSTEM32\ncrypt.dll
0x00007ffabf610000 - 0x00007ffabf647000 	C:\WINDOWS\SYSTEM32\NTASN1.dll
0x00007ffab1af0000 - 0x00007ffab1af8000 	C:\WINDOWS\system32\wshunix.dll

dbghelp: loaded successfully - version: 4.0.5 - missing functions: none
symbol engine: initialized successfully - sym options: 0x614 - pdb path: .;c:\Users\prana\.vscode\extensions\redhat.java-1.13.0-win32-x64\jre\17.0.5-win32-x86_64\bin;C:\WINDOWS\SYSTEM32;C:\WINDOWS\WinSxS\amd64_microsoft.windows.common-controls_6595b64144ccf1df_6.0.22621.436_none_a94247dbc10d8414;c:\Users\prana\.vscode\extensions\redhat.java-1.13.0-win32-x64\jre\17.0.5-win32-x86_64\bin\server;C:\Users\prana\AppData\Roaming\Code\User\globalStorage\redhat.java\1.13.0\config_win\org.eclipse.equinox.launcher\org.eclipse.equinox.launcher.win32.win32.x86_64_1.2.600.v20220720-1916;C:\Users\prana\AppData\Local\Temp\jna-106927250;C:\Users\prana\.gradle\native\fdc75f09e3144964f2cf3f50f0aa648679c211496f362492102eb8c894070792\windows-amd64;C:\Users\prana\.gradle\native\12488b8bf47d2d4c9fbf2f6322a914ad602e24e48041cd04a747c6da556b65c4\windows-amd64

VM Arguments:
jvm_args: --add-modules=ALL-SYSTEM --add-opens=java.base/java.util=ALL-UNNAMED --add-opens=java.base/java.lang=ALL-UNNAMED --add-opens=java.base/sun.nio.fs=ALL-UNNAMED -Declipse.application=org.eclipse.jdt.ls.core.id1 -Dosgi.bundles.defaultStartLevel=4 -Declipse.product=org.eclipse.jdt.ls.core.product -Djava.import.generatesMetadataFilesAtProjectRoot=false -Dfile.encoding=utf8 -XX:+UseParallelGC -XX:GCTimeRatio=4 -XX:AdaptiveSizePolicyWeight=90 -Dsun.zip.disableMemoryMapping=true -Xmx1G -Xms100m -Xlog:disable -javaagent:c:\Users\prana\.vscode\extensions\redhat.java-1.13.0-win32-x64\lombok\lombok-1.18.24.jar -XX:+HeapDumpOnOutOfMemoryError -XX:HeapDumpPath=c:\Users\prana\AppData\Roaming\Code\User\workspaceStorage\846ae30d75f9e390a1140bbb0704bf76\redhat.java 
java_command: c:\Users\prana\.vscode\extensions\redhat.java-1.13.0-win32-x64\server\plugins\org.eclipse.equinox.launcher_1.6.400.v20210924-0641.jar -configuration c:\Users\prana\AppData\Roaming\Code\User\globalStorage\redhat.java\1.13.0\config_win -data c:\Users\prana\AppData\Roaming\Code\User\workspaceStorage\846ae30d75f9e390a1140bbb0704bf76\redhat.java\jdt_ws
java_class_path (initial): c:\Users\prana\.vscode\extensions\redhat.java-1.13.0-win32-x64\server\plugins\org.eclipse.equinox.launcher_1.6.400.v20210924-0641.jar
Launcher Type: SUN_STANDARD

[Global flags]
    uintx AdaptiveSizePolicyWeight                 = 90                                        {product} {command line}
     intx CICompilerCount                          = 4                                         {product} {ergonomic}
    uintx GCTimeRatio                              = 4                                         {product} {command line}
     bool HeapDumpOnOutOfMemoryError               = true                                   {manageable} {command line}
    ccstr HeapDumpPath                             = c:\Users\prana\AppData\Roaming\Code\User\workspaceStorage\846ae30d75f9e390a1140bbb0704bf76\redhat.java         {manageable} {command line}
   size_t InitialHeapSize                          = 104857600                                 {product} {command line}
   size_t MaxHeapSize                              = 1073741824                                {product} {command line}
   size_t MaxNewSize                               = 357564416                                 {product} {ergonomic}
   size_t MinHeapDeltaBytes                        = 524288                                    {product} {ergonomic}
   size_t MinHeapSize                              = 104857600                                 {product} {command line}
   size_t NewSize                                  = 34603008                                  {product} {ergonomic}
    uintx NonNMethodCodeHeapSize                   = 5839372                                {pd product} {ergonomic}
    uintx NonProfiledCodeHeapSize                  = 122909434                              {pd product} {ergonomic}
   size_t OldSize                                  = 70254592                                  {product} {ergonomic}
    uintx ProfiledCodeHeapSize                     = 122909434                              {pd product} {ergonomic}
    uintx ReservedCodeCacheSize                    = 251658240                              {pd product} {ergonomic}
     bool SegmentedCodeCache                       = true                                      {product} {ergonomic}
   size_t SoftMaxHeapSize                          = 1073741824                             {manageable} {ergonomic}
     bool UseCompressedClassPointers               = true                           {product lp64_product} {ergonomic}
     bool UseCompressedOops                        = true                           {product lp64_product} {ergonomic}
     bool UseLargePagesIndividualAllocation        = false                                  {pd product} {ergonomic}
     bool UseParallelGC                            = true                                      {product} {command line}

Logging:
Log output configuration:
 #0: stdout all=off uptime,level,tags
 #1: stderr all=off uptime,level,tags

Environment Variables:
JAVA_HOME=C:\Program Files\Java\jdk-11.0.9
PATH=C:\Program Files\Java\jdk-11.0.9\bin;C:\Program Files\Common Files\Oracle\Java\javapath;C:\WINDOWS\system32;C:\WINDOWS;C:\WINDOWS\System32\Wbem;C:\WINDOWS\System32\WindowsPowerShell\v1.0\;C:\WINDOWS\System32\OpenSSH\;C:\Program Files\nodejs\;C:\Program Files\Git\cmd;C:\Program Files\Git\mingw64\bin;C:\Program Files\Git\usr\bin;C:\apache-cassandra-3.11.12\bin;C:\hadoop-3.3.3\bin;C:\hadoop-3.3.3\sbin;C:\Program Files\MongoDB\Server\5.0\bin;;C:\Program Files\Docker\Docker\resources\bin;C:\Users\prana\AppData\Local\Programs\Python\Python310\Scripts\;C:\Users\prana\AppData\Local\Programs\Python\Python310\;C:\Program Files\MySQL\MySQL Shell 8.0\bin\;C:\Users\prana\AppData\Local\Microsoft\WindowsApps;C:\Program Files (x86)\mingw-w64\i686-8.1.0-posix-dwarf-rt_v6-rev0\mingw32\bin;C:\Users\prana\AppData\Local\Programs\Microsoft VS Code\bin;C:\Program Files\Java\jdk-11.0.9\bin;C:\iverilog\bin;C:\iverilog\gtkwave\bin;C:\Users\prana\AppData\Roaming\npm;D:\flutter\bin;C:\Users\prana\AppData\Local\Android\Sdk\tools;C:\Users\prana\AppData\Local\Android\Sdk\platform-tools;C:\Users\prana\AppData\Local\GitHubDesktop\bin;C:\Users\prana\AppData\Local\Coursier\data\bin;C:\Users\prana\cs.exe;
USERNAME=prana
OS=Windows_NT
PROCESSOR_IDENTIFIER=AMD64 Family 23 Model 24 Stepping 1, AuthenticAMD
TMP=C:\Users\prana\AppData\Local\Temp
TEMP=C:\Users\prana\AppData\Local\Temp



---------------  S Y S T E M  ---------------

OS:
 Windows 11 , 64 bit Build 22621 (10.0.22621.1037)
OS uptime: 0 days 11:33 hours
Hyper-V role detected

CPU: total 8 (initial active 8) (8 cores per cpu, 2 threads per core) family 23 model 24 stepping 1 microcode 0x0, cx8, cmov, fxsr, ht, mmx, 3dnowpref, sse, sse2, sse3, ssse3, sse4a, sse4.1, sse4.2, popcnt, lzcnt, tsc, tscinvbit, avx, avx2, aes, clmul, bmi1, bmi2, adx, sha, fma, vzeroupper, clflush, clflushopt, hv

Memory: 4k page, system-wide physical 6091M (231M free)
TotalPageFile size 24523M (AvailPageFile size 4M)
current process WorkingSet (physical memory assigned to process): 187M, peak: 239M
current process commit charge ("private bytes"): 300M, peak: 305M

vm_info: OpenJDK 64-Bit Server VM (17.0.5+8) for windows-amd64 JRE (17.0.5+8), built on Oct 19 2022 04:48:13 by "temurin" with MS VC++ 16.7 (VS2019)

END.
