#
# There is insufficient memory for the Java Runtime Environment to continue.
# Native memory allocation (malloc) failed to allocate 1099856 bytes for Chunk::new
# Possible reasons:
#   The system is out of physical RAM or swap space
#   The process is running with CompressedOops enabled, and the Java Heap may be blocking the growth of the native heap
# Possible solutions:
#   Reduce memory load on the system
#   Increase physical memory or swap space
#   Check if swap backing store is full
#   Decrease Java heap size (-Xmx/-Xms)
#   Decrease number of Java threads
#   Decrease Java thread stack sizes (-Xss)
#   Set larger code cache with -XX:ReservedCodeCacheSize=
#   JVM is running with Unscaled Compressed Oops mode in which the Java heap is
#     placed in the first 4GB address space. The Java Heap base address is the
#     maximum limit for the native heap growth. Please use -XX:HeapBaseMinAddress
#     to set the Java Heap base and to place the Java Heap above 4GB virtual address.
# This output file may be truncated or incomplete.
#
#  Out of Memory Error (arena.cpp:189), pid=27416, tid=26600
#
# JRE version: OpenJDK Runtime Environment Temurin-17.0.5+8 (17.0.5+8) (build 17.0.5+8)
# Java VM: OpenJDK 64-Bit Server VM Temurin-17.0.5+8 (17.0.5+8, mixed mode, tiered, compressed oops, compressed class ptrs, parallel gc, windows-amd64)
# No core dump will be written. Minidumps are not enabled by default on client versions of Windows
#

---------------  S U M M A R Y ------------

Command Line: --add-modules=ALL-SYSTEM --add-opens=java.base/java.util=ALL-UNNAMED --add-opens=java.base/java.lang=ALL-UNNAMED --add-opens=java.base/sun.nio.fs=ALL-UNNAMED -Declipse.application=org.eclipse.jdt.ls.core.id1 -Dosgi.bundles.defaultStartLevel=4 -Declipse.product=org.eclipse.jdt.ls.core.product -Djava.import.generatesMetadataFilesAtProjectRoot=false -Dfile.encoding=utf8 -XX:+UseParallelGC -XX:GCTimeRatio=4 -XX:AdaptiveSizePolicyWeight=90 -Dsun.zip.disableMemoryMapping=true -Xmx1G -Xms100m -Xlog:disable -javaagent:c:\Users\prana\.vscode\extensions\redhat.java-1.13.0-win32-x64\lombok\lombok-1.18.24.jar -XX:+HeapDumpOnOutOfMemoryError -XX:HeapDumpPath=c:\Users\prana\AppData\Roaming\Code\User\workspaceStorage\846ae30d75f9e390a1140bbb0704bf76\redhat.java c:\Users\prana\.vscode\extensions\redhat.java-1.13.0-win32-x64\server\plugins\org.eclipse.equinox.launcher_1.6.400.v20210924-0641.jar -configuration c:\Users\prana\AppData\Roaming\Code\User\globalStorage\redhat.java\1.13.0\config_win -data c:\Users\prana\AppData\Roaming\Code\User\workspaceStorage\846ae30d75f9e390a1140bbb0704bf76\redhat.java\jdt_ws

Host: AMD Ryzen 5 3500U with Radeon Vega Mobile Gfx  , 8 cores, 5G,  Windows 11 , 64 bit Build 22621 (10.0.22621.1037)
Time: Sun Jan  8 23:16:33 2023 India Standard Time elapsed time: 75.812881 seconds (0d 0h 1m 15s)

---------------  T H R E A D  ---------------

Current thread (0x000001f74b747360):  JavaThread "C2 CompilerThread0" daemon [_thread_in_native, id=26600, stack(0x0000003c09200000,0x0000003c09300000)]


Current CompileTask:
C2:  75813 6617       4       java.lang.invoke.MethodType::makeImpl (109 bytes)

Stack: [0x0000003c09200000,0x0000003c09300000]
Native frames: (J=compiled Java code, j=interpreted, Vv=VM code, C=native code)
V  [jvm.dll+0x676b3a]
V  [jvm.dll+0x831444]
V  [jvm.dll+0x832bee]
V  [jvm.dll+0x833253]
V  [jvm.dll+0x244ce5]
V  [jvm.dll+0xabbac]
V  [jvm.dll+0xac17c]
V  [jvm.dll+0x362d02]
V  [jvm.dll+0x32d591]
V  [jvm.dll+0x32ca3a]
V  [jvm.dll+0x217b51]
V  [jvm.dll+0x216f71]
V  [jvm.dll+0x1a343d]
V  [jvm.dll+0x22698a]
V  [jvm.dll+0x224ac5]
V  [jvm.dll+0x7e727b]
V  [jvm.dll+0x7e17ea]
V  [jvm.dll+0x6759e5]
C  [ucrtbase.dll+0x29363]
C  [KERNEL32.DLL+0x126bd]
C  [ntdll.dll+0x5dfb8]


---------------  P R O C E S S  ---------------

Threads class SMR info:
_java_thread_list=0x000001f75228a260, length=41, elements={
0x000001f735dac930, 0x000001f735e60bb0, 0x000001f735e62320, 0x000001f749c2bcf0,
0x000001f749c2c6b0, 0x000001f749c2dd00, 0x000001f749c2e6b0, 0x000001f74b747360,
0x000001f74b796f90, 0x000001f74b7bbd10, 0x000001f735e0f0d0, 0x000001f74ba51590,
0x000001f74ccfb050, 0x000001f74ccf29e0, 0x000001f74daafba0, 0x000001f74ca6d880,
0x000001f74dd2ec90, 0x000001f74c85c880, 0x000001f74c85e090, 0x000001f74c85d6f0,
0x000001f74c85cd50, 0x000001f74c85d220, 0x000001f74c85bee0, 0x000001f74c85c3b0,
0x000001f74c85dbc0, 0x000001f74c85e560, 0x000001f74c85ea30, 0x000001f74c85ba10,
0x000001f74e5413c0, 0x000001f74e53ded0, 0x000001f74e540550, 0x000001f74e542230,
0x000001f74e53f6e0, 0x000001f74e53e3a0, 0x000001f74e53fbb0, 0x000001f74e542700,
0x000001f74e542bd0, 0x000001f74e540ef0, 0x000001f74e543570, 0x000001f74e540a20,
0x000001f74e543f10
}

Java Threads: ( => current thread )
  0x000001f735dac930 JavaThread "main" [_thread_blocked, id=17880, stack(0x0000003c08900000,0x0000003c08a00000)]
  0x000001f735e60bb0 JavaThread "Reference Handler" daemon [_thread_blocked, id=26772, stack(0x0000003c08c00000,0x0000003c08d00000)]
  0x000001f735e62320 JavaThread "Finalizer" daemon [_thread_blocked, id=25768, stack(0x0000003c08d00000,0x0000003c08e00000)]
  0x000001f749c2bcf0 JavaThread "Signal Dispatcher" daemon [_thread_blocked, id=6492, stack(0x0000003c08e00000,0x0000003c08f00000)]
  0x000001f749c2c6b0 JavaThread "Attach Listener" daemon [_thread_blocked, id=14048, stack(0x0000003c08f00000,0x0000003c09000000)]
  0x000001f749c2dd00 JavaThread "Service Thread" daemon [_thread_blocked, id=22320, stack(0x0000003c09000000,0x0000003c09100000)]
  0x000001f749c2e6b0 JavaThread "Monitor Deflation Thread" daemon [_thread_blocked, id=21104, stack(0x0000003c09100000,0x0000003c09200000)]
=>0x000001f74b747360 JavaThread "C2 CompilerThread0" daemon [_thread_in_native, id=26600, stack(0x0000003c09200000,0x0000003c09300000)]
  0x000001f74b796f90 JavaThread "C1 CompilerThread0" daemon [_thread_blocked, id=22584, stack(0x0000003c09300000,0x0000003c09400000)]
  0x000001f74b7bbd10 JavaThread "Sweeper thread" daemon [_thread_blocked, id=5860, stack(0x0000003c09400000,0x0000003c09500000)]
  0x000001f735e0f0d0 JavaThread "Common-Cleaner" daemon [_thread_blocked, id=20888, stack(0x0000003c09500000,0x0000003c09600000)]
  0x000001f74ba51590 JavaThread "Notification Thread" daemon [_thread_blocked, id=3256, stack(0x0000003c09600000,0x0000003c09700000)]
  0x000001f74ccfb050 JavaThread "Active Thread: Equinox Container: 199d052e-1d1a-437e-9a5a-5ab9c013e48e" [_thread_blocked, id=24020, stack(0x0000003c09e00000,0x0000003c09f00000)]
  0x000001f74ccf29e0 JavaThread "Framework Event Dispatcher: Equinox Container: 199d052e-1d1a-437e-9a5a-5ab9c013e48e" daemon [_thread_blocked, id=26532, stack(0x0000003c09f00000,0x0000003c0a000000)]
  0x000001f74daafba0 JavaThread "Start Level: Equinox Container: 199d052e-1d1a-437e-9a5a-5ab9c013e48e" daemon [_thread_blocked, id=20820, stack(0x0000003c0a000000,0x0000003c0a100000)]
  0x000001f74ca6d880 JavaThread "SCR Component Actor" daemon [_thread_blocked, id=18776, stack(0x0000003c0a100000,0x0000003c0a200000)]
  0x000001f74dd2ec90 JavaThread "Bundle File Closer" daemon [_thread_blocked, id=10520, stack(0x0000003c0a400000,0x0000003c0a500000)]
  0x000001f74c85c880 JavaThread "Worker-JM" [_thread_blocked, id=24176, stack(0x0000003c0a500000,0x0000003c0a600000)]
  0x000001f74c85e090 JavaThread "Worker-0" [_thread_blocked, id=18812, stack(0x0000003c0a600000,0x0000003c0a700000)]
  0x000001f74c85d6f0 JavaThread "Worker-1" [_thread_blocked, id=17624, stack(0x0000003c0a700000,0x0000003c0a800000)]
  0x000001f74c85cd50 JavaThread "Worker-2" [_thread_blocked, id=10656, stack(0x0000003c0a800000,0x0000003c0a900000)]
  0x000001f74c85d220 JavaThread "Worker-3" [_thread_blocked, id=24256, stack(0x0000003c0a900000,0x0000003c0aa00000)]
  0x000001f74c85bee0 JavaThread "Worker-4: Initialize workspace" [_thread_blocked, id=18192, stack(0x0000003c0aa00000,0x0000003c0ab00000)]
  0x000001f74c85c3b0 JavaThread "Java indexing" daemon [_thread_blocked, id=26068, stack(0x0000003c0a300000,0x0000003c0a400000)]
  0x000001f74c85dbc0 JavaThread "JNA Cleaner" daemon [_thread_blocked, id=1144, stack(0x0000003c0ab00000,0x0000003c0ac00000)]
  0x000001f74c85e560 JavaThread "pool-2-thread-1" [_thread_blocked, id=25480, stack(0x0000003c0ac00000,0x0000003c0ad00000)]
  0x000001f74c85ea30 JavaThread "pool-1-thread-1" [_thread_in_native, id=23264, stack(0x0000003c0ad00000,0x0000003c0ae00000)]
  0x000001f74c85ba10 JavaThread "Timer-0" [_thread_blocked, id=21744, stack(0x0000003c0ae00000,0x0000003c0af00000)]
  0x000001f74e5413c0 JavaThread "Timer-1" [_thread_blocked, id=21164, stack(0x0000003c0af00000,0x0000003c0b000000)]
  0x000001f74e53ded0 JavaThread "Timer-2" [_thread_blocked, id=1792, stack(0x0000003c0b000000,0x0000003c0b100000)]
  0x000001f74e540550 JavaThread "Exec process" [_thread_blocked, id=19204, stack(0x0000003c0b200000,0x0000003c0b300000)]
  0x000001f74e542230 JavaThread "Exec process Thread 2" [_thread_blocked, id=7456, stack(0x0000003c0b300000,0x0000003c0b400000)]
  0x000001f74e53f6e0 JavaThread "Exec process Thread 3" [_thread_blocked, id=8620, stack(0x0000003c0b400000,0x0000003c0b500000)]
  0x000001f74e53e3a0 JavaThread "Timer-3" [_thread_blocked, id=27624, stack(0x0000003c0b100000,0x0000003c0b200000)]
  0x000001f74e53fbb0 JavaThread "Timer-4" [_thread_blocked, id=25908, stack(0x0000003c0b500000,0x0000003c0b600000)]
  0x000001f74e542700 JavaThread "Timer-5" [_thread_blocked, id=28396, stack(0x0000003c0b600000,0x0000003c0b700000)]
  0x000001f74e542bd0 JavaThread "Timer-6" [_thread_blocked, id=28412, stack(0x0000003c0b700000,0x0000003c0b800000)]
  0x000001f74e540ef0 JavaThread "ForkJoinPool.commonPool-worker-1" daemon [_thread_blocked, id=18312, stack(0x0000003c0bb00000,0x0000003c0bc00000)]
  0x000001f74e543570 JavaThread "Timer-7" [_thread_blocked, id=27692, stack(0x0000003c0bc00000,0x0000003c0bd00000)]
  0x000001f74e540a20 JavaThread "Worker-5" [_thread_blocked, id=27732, stack(0x0000003c0bd00000,0x0000003c0be00000)]
  0x000001f74e543f10 JavaThread "Worker-6" [_thread_blocked, id=27856, stack(0x0000003c0be00000,0x0000003c0bf00000)]

Other Threads:
  0x000001f74b711c30 VMThread "VM Thread" [stack: 0x0000003c08b00000,0x0000003c08c00000] [id=23564]
  0x000001f74ba51a60 WatcherThread [stack: 0x0000003c09700000,0x0000003c09800000] [id=25704]
  0x000001f735dc1d00 GCTaskThread "GC Thread#0" [stack: 0x0000003c08a00000,0x0000003c08b00000] [id=26528]
  0x000001f74cba6610 GCTaskThread "GC Thread#1" [stack: 0x0000003c09800000,0x0000003c09900000] [id=5592]
  0x000001f74cbb15b0 GCTaskThread "GC Thread#2" [stack: 0x0000003c09900000,0x0000003c09a00000] [id=7008]
  0x000001f74cbb1860 GCTaskThread "GC Thread#3" [stack: 0x0000003c09a00000,0x0000003c09b00000] [id=19140]
  0x000001f74cbcbe30 GCTaskThread "GC Thread#4" [stack: 0x0000003c09b00000,0x0000003c09c00000] [id=4524]
  0x000001f74cb78450 GCTaskThread "GC Thread#5" [stack: 0x0000003c09c00000,0x0000003c09d00000] [id=20780]
  0x000001f74cb78700 GCTaskThread "GC Thread#6" [stack: 0x0000003c09d00000,0x0000003c09e00000] [id=22132]
  0x000001f74ba788d0 GCTaskThread "GC Thread#7" [stack: 0x0000003c0a200000,0x0000003c0a300000] [id=18028]

Threads with active compile tasks:
C2 CompilerThread0    75892 6617       4       java.lang.invoke.MethodType::makeImpl (109 bytes)

VM state: not at safepoint (normal execution)

VM Mutex/Monitor currently owned by a thread: None

Heap address: 0x00000000c0000000, size: 1024 MB, Compressed Oops mode: 32-bit

CDS archive(s) not mapped
Compressed class space mapped at: 0x0000000100000000-0x0000000140000000, reserved size: 1073741824
Narrow klass base: 0x0000000000000000, Narrow klass shift: 3, Narrow klass range: 0x140000000

GC Precious Log:
 CPUs: 8 total, 8 available
 Memory: 6091M
 Large Page Support: Disabled
 NUMA Support: Disabled
 Compressed Oops: Enabled (32-bit)
 Alignments: Space 512K, Generation 512K, Heap 2M
 Heap Min Capacity: 100M
 Heap Initial Capacity: 100M
 Heap Max Capacity: 1G
 Pre-touch: Disabled
 Parallel Workers: 8

Heap:
 PSYoungGen      total 18944K, used 6862K [0x00000000eab00000, 0x00000000ec100000, 0x0000000100000000)
  eden space 17920K, 34% used [0x00000000eab00000,0x00000000eb105e70,0x00000000ebc80000)
  from space 1024K, 67% used [0x00000000ec000000,0x00000000ec0ada20,0x00000000ec100000)
  to   space 1024K, 0% used [0x00000000ebf00000,0x00000000ebf00000,0x00000000ec000000)
 ParOldGen       total 68608K, used 45525K [0x00000000c0000000, 0x00000000c4300000, 0x00000000eab00000)
  object space 68608K, 66% used [0x00000000c0000000,0x00000000c2c75558,0x00000000c4300000)
 Metaspace       used 62454K, committed 63424K, reserved 1105920K
  class space    used 7562K, committed 8000K, reserved 1048576K

Card table byte_map: [0x000001f735750000,0x000001f735960000] _byte_map_base: 0x000001f735150000

Marking Bits: (ParMarkBitMap*) 0x00007ffa5bc10dd0
 Begin Bits: [0x000001f747a30000, 0x000001f748a30000)
 End Bits:   [0x000001f748a30000, 0x000001f749a30000)

Polling page: 0x000001f733d60000

Metaspace:

Usage:
  Non-class:     53.61 MB used.
      Class:      7.39 MB used.
       Both:     60.99 MB used.

Virtual space:
  Non-class space:       56.00 MB reserved,      54.12 MB ( 97%) committed,  7 nodes.
      Class space:        1.00 GB reserved,       7.81 MB ( <1%) committed,  1 nodes.
             Both:        1.05 GB reserved,      61.94 MB (  6%) committed. 

Chunk freelists:
   Non-Class:  1.28 MB
       Class:  244.00 KB
        Both:  1.52 MB

MaxMetaspaceSize: unlimited
CompressedClassSpaceSize: 1.00 GB
Initial GC threshold: 21.00 MB
Current GC threshold: 97.31 MB
CDS: off
MetaspaceReclaimPolicy: balanced
 - commit_granule_bytes: 65536.
 - commit_granule_words: 8192.
 - virtual_space_node_default_size: 1048576.
 - enlarge_chunks_in_place: 1.
 - new_chunks_are_fully_committed: 0.
 - uncommit_free_chunks: 1.
 - use_allocation_guard: 0.
 - handle_deallocations: 1.


Internal statistics:

num_allocs_failed_limit: 9.
num_arena_births: 492.
num_arena_deaths: 14.
num_vsnodes_births: 8.
num_vsnodes_deaths: 0.
num_space_committed: 991.
num_space_uncommitted: 0.
num_chunks_returned_to_freelist: 23.
num_chunks_taken_from_freelist: 2814.
num_chunk_merges: 13.
num_chunk_splits: 1845.
num_chunks_enlarged: 1185.
num_purges: 2.
num_inconsistent_stats: 0.

CodeHeap 'non-profiled nmethods': size=120000Kb used=3521Kb max_used=3521Kb free=116478Kb
 bounds [0x000001f740500000, 0x000001f740880000, 0x000001f747a30000]
CodeHeap 'profiled nmethods': size=120000Kb used=11369Kb max_used=11369Kb free=108631Kb
 bounds [0x000001f738fd0000, 0x000001f739af0000, 0x000001f740500000]
CodeHeap 'non-nmethods': size=5760Kb used=1301Kb max_used=1326Kb free=4458Kb
 bounds [0x000001f738a30000, 0x000001f738ca0000, 0x000001f738fd0000]
 total_blobs=6372 nmethods=5738 adapters=548
 compilation: enabled
              stopped_count=0, restarted_count=0
 full_count=0

Compilation events (20 events):
Event: 75.577 Thread 0x000001f74b747360 nmethod 6609 0x000001f74086fa90 code [0x000001f74086fc00, 0x000001f74086fc78]
Event: 75.578 Thread 0x000001f74b796f90 6610       3       java.lang.invoke.MemberName::asSpecial (89 bytes)
Event: 75.578 Thread 0x000001f74b796f90 nmethod 6610 0x000001f739ae7b90 code [0x000001f739ae7e60, 0x000001f739ae8ae8]
Event: 75.580 Thread 0x000001f74b796f90 6611       3       jdk.internal.misc.Unsafe::shouldBeInitialized (18 bytes)
Event: 75.580 Thread 0x000001f74b796f90 nmethod 6611 0x000001f739ae8f10 code [0x000001f739ae90c0, 0x000001f739ae92f8]
Event: 75.580 Thread 0x000001f74b796f90 6613       3       java.lang.invoke.BoundMethodHandle::editor (8 bytes)
Event: 75.581 Thread 0x000001f74b796f90 nmethod 6613 0x000001f739ae9410 code [0x000001f739ae95e0, 0x000001f739ae9928]
Event: 75.590 Thread 0x000001f74b796f90 6614       1       org.eclipse.core.runtime.Status::getMessage (5 bytes)
Event: 75.590 Thread 0x000001f74b796f90 nmethod 6614 0x000001f740870190 code [0x000001f740870320, 0x000001f7408703f8]
Event: 75.592 Thread 0x000001f74b796f90 6615       1       org.eclipse.jdt.ls.core.internal.preferences.PreferenceManager::getClientPreferences (5 bytes)
Event: 75.592 Thread 0x000001f74b796f90 nmethod 6615 0x000001f740870490 code [0x000001f740870620, 0x000001f7408706f8]
Event: 75.592 Thread 0x000001f74b796f90 6616       3       java.io.PrintStream::ensureOpen (18 bytes)
Event: 75.593 Thread 0x000001f74b796f90 nmethod 6616 0x000001f739ae9b10 code [0x000001f739ae9cc0, 0x000001f739ae9ec8]
Event: 75.639 Thread 0x000001f74b747360 6617       4       java.lang.invoke.MethodType::makeImpl (109 bytes)
Event: 75.657 Thread 0x000001f74b796f90 6619       3       com.google.gson.stream.JsonWriter::open (19 bytes)
Event: 75.657 Thread 0x000001f74b796f90 nmethod 6619 0x000001f739ae9f90 code [0x000001f739aea140, 0x000001f739aea3a8]
Event: 75.657 Thread 0x000001f74b796f90 6620       3       com.google.gson.stream.JsonWriter::close (95 bytes)
Event: 75.658 Thread 0x000001f74b796f90 nmethod 6620 0x000001f739aea510 code [0x000001f739aea7a0, 0x000001f739aeb258]
Event: 75.667 Thread 0x000001f74b796f90 6621   !   3       java.lang.reflect.Proxy::newProxyInstance (75 bytes)
Event: 75.668 Thread 0x000001f74b796f90 nmethod 6621 0x000001f739aeb690 code [0x000001f739aeb8e0, 0x000001f739aec388]

GC Heap History (20 events):
Event: 50.027 GC heap before
{Heap before GC invocations=28 (full 2):
 PSYoungGen      total 18432K, used 18432K [0x00000000eab00000, 0x00000000ec380000, 0x0000000100000000)
  eden space 17920K, 100% used [0x00000000eab00000,0x00000000ebc80000,0x00000000ebc80000)
  from space 512K, 100% used [0x00000000ebc80000,0x00000000ebd00000,0x00000000ebd00000)
  to   space 2048K, 0% used [0x00000000ec180000,0x00000000ec180000,0x00000000ec380000)
 ParOldGen       total 68608K, used 43544K [0x00000000c0000000, 0x00000000c4300000, 0x00000000eab00000)
  object space 68608K, 63% used [0x00000000c0000000,0x00000000c2a86270,0x00000000c4300000)
 Metaspace       used 54478K, committed 55296K, reserved 1097728K
  class space    used 6330K, committed 6656K, reserved 1048576K
}
Event: 50.030 GC heap after
{Heap after GC invocations=28 (full 2):
 PSYoungGen      total 19456K, used 1033K [0x00000000eab00000, 0x00000000ec300000, 0x0000000100000000)
  eden space 17920K, 0% used [0x00000000eab00000,0x00000000eab00000,0x00000000ebc80000)
  from space 1536K, 67% used [0x00000000ec180000,0x00000000ec2827d0,0x00000000ec300000)
  to   space 1536K, 0% used [0x00000000ec000000,0x00000000ec000000,0x00000000ec180000)
 ParOldGen       total 68608K, used 43936K [0x00000000c0000000, 0x00000000c4300000, 0x00000000eab00000)
  object space 68608K, 64% used [0x00000000c0000000,0x00000000c2ae8270,0x00000000c4300000)
 Metaspace       used 54478K, committed 55296K, reserved 1097728K
  class space    used 6330K, committed 6656K, reserved 1048576K
}
Event: 50.681 GC heap before
{Heap before GC invocations=29 (full 2):
 PSYoungGen      total 19456K, used 18953K [0x00000000eab00000, 0x00000000ec300000, 0x0000000100000000)
  eden space 17920K, 100% used [0x00000000eab00000,0x00000000ebc80000,0x00000000ebc80000)
  from space 1536K, 67% used [0x00000000ec180000,0x00000000ec2827d0,0x00000000ec300000)
  to   space 1536K, 0% used [0x00000000ec000000,0x00000000ec000000,0x00000000ec180000)
 ParOldGen       total 68608K, used 43936K [0x00000000c0000000, 0x00000000c4300000, 0x00000000eab00000)
  object space 68608K, 64% used [0x00000000c0000000,0x00000000c2ae8270,0x00000000c4300000)
 Metaspace       used 55796K, committed 56576K, reserved 1105920K
  class space    used 6580K, committed 6912K, reserved 1048576K
}
Event: 50.683 GC heap after
{Heap after GC invocations=29 (full 2):
 PSYoungGen      total 18432K, used 459K [0x00000000eab00000, 0x00000000ec200000, 0x0000000100000000)
  eden space 17920K, 0% used [0x00000000eab00000,0x00000000eab00000,0x00000000ebc80000)
  from space 512K, 89% used [0x00000000ec000000,0x00000000ec072e90,0x00000000ec080000)
  to   space 1024K, 0% used [0x00000000ec100000,0x00000000ec100000,0x00000000ec200000)
 ParOldGen       total 68608K, used 44824K [0x00000000c0000000, 0x00000000c4300000, 0x00000000eab00000)
  object space 68608K, 65% used [0x00000000c0000000,0x00000000c2bc6158,0x00000000c4300000)
 Metaspace       used 55796K, committed 56576K, reserved 1105920K
  class space    used 6580K, committed 6912K, reserved 1048576K
}
Event: 51.214 GC heap before
{Heap before GC invocations=30 (full 2):
 PSYoungGen      total 18432K, used 18379K [0x00000000eab00000, 0x00000000ec200000, 0x0000000100000000)
  eden space 17920K, 100% used [0x00000000eab00000,0x00000000ebc80000,0x00000000ebc80000)
  from space 512K, 89% used [0x00000000ec000000,0x00000000ec072e90,0x00000000ec080000)
  to   space 1024K, 0% used [0x00000000ec100000,0x00000000ec100000,0x00000000ec200000)
 ParOldGen       total 68608K, used 44824K [0x00000000c0000000, 0x00000000c4300000, 0x00000000eab00000)
  object space 68608K, 65% used [0x00000000c0000000,0x00000000c2bc6158,0x00000000c4300000)
 Metaspace       used 56978K, committed 57856K, reserved 1105920K
  class space    used 6853K, committed 7232K, reserved 1048576K
}
Event: 51.215 GC heap after
{Heap after GC invocations=30 (full 2):
 PSYoungGen      total 18432K, used 288K [0x00000000eab00000, 0x00000000ec180000, 0x0000000100000000)
  eden space 17920K, 0% used [0x00000000eab00000,0x00000000eab00000,0x00000000ebc80000)
  from space 512K, 56% used [0x00000000ec100000,0x00000000ec148000,0x00000000ec180000)
  to   space 512K, 0% used [0x00000000ec000000,0x00000000ec000000,0x00000000ec080000)
 ParOldGen       total 68608K, used 44944K [0x00000000c0000000, 0x00000000c4300000, 0x00000000eab00000)
  object space 68608K, 65% used [0x00000000c0000000,0x00000000c2be4158,0x00000000c4300000)
 Metaspace       used 56978K, committed 57856K, reserved 1105920K
  class space    used 6853K, committed 7232K, reserved 1048576K
}
Event: 53.036 GC heap before
{Heap before GC invocations=31 (full 2):
 PSYoungGen      total 18432K, used 18208K [0x00000000eab00000, 0x00000000ec180000, 0x0000000100000000)
  eden space 17920K, 100% used [0x00000000eab00000,0x00000000ebc80000,0x00000000ebc80000)
  from space 512K, 56% used [0x00000000ec100000,0x00000000ec148000,0x00000000ec180000)
  to   space 512K, 0% used [0x00000000ec000000,0x00000000ec000000,0x00000000ec080000)
 ParOldGen       total 68608K, used 44944K [0x00000000c0000000, 0x00000000c4300000, 0x00000000eab00000)
  object space 68608K, 65% used [0x00000000c0000000,0x00000000c2be4158,0x00000000c4300000)
 Metaspace       used 57689K, committed 58496K, reserved 1105920K
  class space    used 7028K, committed 7360K, reserved 1048576K
}
Event: 53.038 GC heap after
{Heap after GC invocations=31 (full 2):
 PSYoungGen      total 18432K, used 384K [0x00000000eab00000, 0x00000000ec180000, 0x0000000100000000)
  eden space 17920K, 0% used [0x00000000eab00000,0x00000000eab00000,0x00000000ebc80000)
  from space 512K, 75% used [0x00000000ec000000,0x00000000ec060000,0x00000000ec080000)
  to   space 512K, 0% used [0x00000000ec100000,0x00000000ec100000,0x00000000ec180000)
 ParOldGen       total 68608K, used 45111K [0x00000000c0000000, 0x00000000c4300000, 0x00000000eab00000)
  object space 68608K, 65% used [0x00000000c0000000,0x00000000c2c0de68,0x00000000c4300000)
 Metaspace       used 57689K, committed 58496K, reserved 1105920K
  class space    used 7028K, committed 7360K, reserved 1048576K
}
Event: 63.494 GC heap before
{Heap before GC invocations=32 (full 2):
 PSYoungGen      total 18432K, used 14845K [0x00000000eab00000, 0x00000000ec180000, 0x0000000100000000)
  eden space 17920K, 80% used [0x00000000eab00000,0x00000000eb91f538,0x00000000ebc80000)
  from space 512K, 75% used [0x00000000ec000000,0x00000000ec060000,0x00000000ec080000)
  to   space 512K, 0% used [0x00000000ec100000,0x00000000ec100000,0x00000000ec180000)
 ParOldGen       total 68608K, used 45111K [0x00000000c0000000, 0x00000000c4300000, 0x00000000eab00000)
  object space 68608K, 65% used [0x00000000c0000000,0x00000000c2c0de68,0x00000000c4300000)
 Metaspace       used 58877K, committed 59776K, reserved 1105920K
  class space    used 7182K, committed 7616K, reserved 1048576K
}
Event: 63.497 GC heap after
{Heap after GC invocations=32 (full 2):
 PSYoungGen      total 18432K, used 512K [0x00000000eab00000, 0x00000000ec180000, 0x0000000100000000)
  eden space 17920K, 0% used [0x00000000eab00000,0x00000000eab00000,0x00000000ebc80000)
  from space 512K, 100% used [0x00000000ec100000,0x00000000ec180000,0x00000000ec180000)
  to   space 1024K, 0% used [0x00000000ebf80000,0x00000000ebf80000,0x00000000ec080000)
 ParOldGen       total 68608K, used 45435K [0x00000000c0000000, 0x00000000c4300000, 0x00000000eab00000)
  object space 68608K, 66% used [0x00000000c0000000,0x00000000c2c5ee98,0x00000000c4300000)
 Metaspace       used 58877K, committed 59776K, reserved 1105920K
  class space    used 7182K, committed 7616K, reserved 1048576K
}
Event: 63.497 GC heap before
{Heap before GC invocations=33 (full 3):
 PSYoungGen      total 18432K, used 512K [0x00000000eab00000, 0x00000000ec180000, 0x0000000100000000)
  eden space 17920K, 0% used [0x00000000eab00000,0x00000000eab00000,0x00000000ebc80000)
  from space 512K, 100% used [0x00000000ec100000,0x00000000ec180000,0x00000000ec180000)
  to   space 1024K, 0% used [0x00000000ebf80000,0x00000000ebf80000,0x00000000ec080000)
 ParOldGen       total 68608K, used 45435K [0x00000000c0000000, 0x00000000c4300000, 0x00000000eab00000)
  object space 68608K, 66% used [0x00000000c0000000,0x00000000c2c5ee98,0x00000000c4300000)
 Metaspace       used 58877K, committed 59776K, reserved 1105920K
  class space    used 7182K, committed 7616K, reserved 1048576K
}
Event: 63.611 GC heap after
{Heap after GC invocations=33 (full 3):
 PSYoungGen      total 18432K, used 0K [0x00000000eab00000, 0x00000000ec180000, 0x0000000100000000)
  eden space 17920K, 0% used [0x00000000eab00000,0x00000000eab00000,0x00000000ebc80000)
  from space 512K, 0% used [0x00000000ec100000,0x00000000ec100000,0x00000000ec180000)
  to   space 1024K, 0% used [0x00000000ebf80000,0x00000000ebf80000,0x00000000ec080000)
 ParOldGen       total 68608K, used 43580K [0x00000000c0000000, 0x00000000c4300000, 0x00000000eab00000)
  object space 68608K, 63% used [0x00000000c0000000,0x00000000c2a8f358,0x00000000c4300000)
 Metaspace       used 58877K, committed 59776K, reserved 1105920K
  class space    used 7182K, committed 7616K, reserved 1048576K
}
Event: 71.712 GC heap before
{Heap before GC invocations=34 (full 3):
 PSYoungGen      total 18432K, used 17920K [0x00000000eab00000, 0x00000000ec180000, 0x0000000100000000)
  eden space 17920K, 100% used [0x00000000eab00000,0x00000000ebc80000,0x00000000ebc80000)
  from space 512K, 0% used [0x00000000ec100000,0x00000000ec100000,0x00000000ec180000)
  to   space 1024K, 0% used [0x00000000ebf80000,0x00000000ebf80000,0x00000000ec080000)
 ParOldGen       total 68608K, used 43580K [0x00000000c0000000, 0x00000000c4300000, 0x00000000eab00000)
  object space 68608K, 63% used [0x00000000c0000000,0x00000000c2a8f358,0x00000000c4300000)
 Metaspace       used 59072K, committed 59968K, reserved 1105920K
  class space    used 7219K, committed 7616K, reserved 1048576K
}
Event: 71.714 GC heap after
{Heap after GC invocations=34 (full 3):
 PSYoungGen      total 18944K, used 416K [0x00000000eab00000, 0x00000000ec180000, 0x0000000100000000)
  eden space 17920K, 0% used [0x00000000eab00000,0x00000000eab00000,0x00000000ebc80000)
  from space 1024K, 40% used [0x00000000ebf80000,0x00000000ebfe8000,0x00000000ec080000)
  to   space 1024K, 0% used [0x00000000ec080000,0x00000000ec080000,0x00000000ec180000)
 ParOldGen       total 68608K, used 43588K [0x00000000c0000000, 0x00000000c4300000, 0x00000000eab00000)
  object space 68608K, 63% used [0x00000000c0000000,0x00000000c2a91358,0x00000000c4300000)
 Metaspace       used 59072K, committed 59968K, reserved 1105920K
  class space    used 7219K, committed 7616K, reserved 1048576K
}
Event: 72.956 GC heap before
{Heap before GC invocations=35 (full 3):
 PSYoungGen      total 18944K, used 18336K [0x00000000eab00000, 0x00000000ec180000, 0x0000000100000000)
  eden space 17920K, 100% used [0x00000000eab00000,0x00000000ebc80000,0x00000000ebc80000)
  from space 1024K, 40% used [0x00000000ebf80000,0x00000000ebfe8000,0x00000000ec080000)
  to   space 1024K, 0% used [0x00000000ec080000,0x00000000ec080000,0x00000000ec180000)
 ParOldGen       total 68608K, used 43588K [0x00000000c0000000, 0x00000000c4300000, 0x00000000eab00000)
  object space 68608K, 63% used [0x00000000c0000000,0x00000000c2a91358,0x00000000c4300000)
 Metaspace       used 59303K, committed 60160K, reserved 1105920K
  class space    used 7233K, committed 7616K, reserved 1048576K
}
Event: 72.959 GC heap after
{Heap after GC invocations=35 (full 3):
 PSYoungGen      total 18944K, used 1024K [0x00000000eab00000, 0x00000000ec180000, 0x0000000100000000)
  eden space 17920K, 0% used [0x00000000eab00000,0x00000000eab00000,0x00000000ebc80000)
  from space 1024K, 100% used [0x00000000ec080000,0x00000000ec180000,0x00000000ec180000)
  to   space 2048K, 0% used [0x00000000ebd80000,0x00000000ebd80000,0x00000000ebf80000)
 ParOldGen       total 68608K, used 44150K [0x00000000c0000000, 0x00000000c4300000, 0x00000000eab00000)
  object space 68608K, 64% used [0x00000000c0000000,0x00000000c2b1d940,0x00000000c4300000)
 Metaspace       used 59303K, committed 60160K, reserved 1105920K
  class space    used 7233K, committed 7616K, reserved 1048576K
}
Event: 73.615 GC heap before
{Heap before GC invocations=36 (full 3):
 PSYoungGen      total 18944K, used 18944K [0x00000000eab00000, 0x00000000ec180000, 0x0000000100000000)
  eden space 17920K, 100% used [0x00000000eab00000,0x00000000ebc80000,0x00000000ebc80000)
  from space 1024K, 100% used [0x00000000ec080000,0x00000000ec180000,0x00000000ec180000)
  to   space 2048K, 0% used [0x00000000ebd80000,0x00000000ebd80000,0x00000000ebf80000)
 ParOldGen       total 68608K, used 44150K [0x00000000c0000000, 0x00000000c4300000, 0x00000000eab00000)
  object space 68608K, 64% used [0x00000000c0000000,0x00000000c2b1d940,0x00000000c4300000)
 Metaspace       used 59663K, committed 60544K, reserved 1105920K
  class space    used 7269K, committed 7680K, reserved 1048576K
}
Event: 73.619 GC heap after
{Heap after GC invocations=36 (full 3):
 PSYoungGen      total 19968K, used 576K [0x00000000eab00000, 0x00000000ec100000, 0x0000000100000000)
  eden space 17920K, 0% used [0x00000000eab00000,0x00000000eab00000,0x00000000ebc80000)
  from space 2048K, 28% used [0x00000000ebd80000,0x00000000ebe10000,0x00000000ebf80000)
  to   space 1024K, 0% used [0x00000000ec000000,0x00000000ec000000,0x00000000ec100000)
 ParOldGen       total 68608K, used 45098K [0x00000000c0000000, 0x00000000c4300000, 0x00000000eab00000)
  object space 68608K, 65% used [0x00000000c0000000,0x00000000c2c0ab60,0x00000000c4300000)
 Metaspace       used 59663K, committed 60544K, reserved 1105920K
  class space    used 7269K, committed 7680K, reserved 1048576K
}
Event: 74.303 GC heap before
{Heap before GC invocations=37 (full 3):
 PSYoungGen      total 19968K, used 18495K [0x00000000eab00000, 0x00000000ec100000, 0x0000000100000000)
  eden space 17920K, 99% used [0x00000000eab00000,0x00000000ebc7fff8,0x00000000ebc80000)
  from space 2048K, 28% used [0x00000000ebd80000,0x00000000ebe10000,0x00000000ebf80000)
  to   space 1024K, 0% used [0x00000000ec000000,0x00000000ec000000,0x00000000ec100000)
 ParOldGen       total 68608K, used 45098K [0x00000000c0000000, 0x00000000c4300000, 0x00000000eab00000)
  object space 68608K, 65% used [0x00000000c0000000,0x00000000c2c0ab60,0x00000000c4300000)
 Metaspace       used 61608K, committed 62528K, reserved 1105920K
  class space    used 7460K, committed 7872K, reserved 1048576K
}
Event: 74.305 GC heap after
{Heap after GC invocations=37 (full 3):
 PSYoungGen      total 18944K, used 694K [0x00000000eab00000, 0x00000000ec100000, 0x0000000100000000)
  eden space 17920K, 0% used [0x00000000eab00000,0x00000000eab00000,0x00000000ebc80000)
  from space 1024K, 67% used [0x00000000ec000000,0x00000000ec0ada20,0x00000000ec100000)
  to   space 1024K, 0% used [0x00000000ebf00000,0x00000000ebf00000,0x00000000ec000000)
 ParOldGen       total 68608K, used 45525K [0x00000000c0000000, 0x00000000c4300000, 0x00000000eab00000)
  object space 68608K, 66% used [0x00000000c0000000,0x00000000c2c75558,0x00000000c4300000)
 Metaspace       used 61608K, committed 62528K, reserved 1105920K
  class space    used 7460K, committed 7872K, reserved 1048576K
}

Dll operation events (15 events):
Event: 0.040 Loaded shared library c:\Users\prana\.vscode\extensions\redhat.java-1.13.0-win32-x64\jre\17.0.5-win32-x86_64\bin\java.dll
Event: 0.890 Loaded shared library c:\Users\prana\.vscode\extensions\redhat.java-1.13.0-win32-x64\jre\17.0.5-win32-x86_64\bin\zip.dll
Event: 0.902 Loaded shared library C:\Users\prana\.vscode\extensions\redhat.java-1.13.0-win32-x64\jre\17.0.5-win32-x86_64\bin\instrument.dll
Event: 1.038 Loaded shared library C:\Users\prana\.vscode\extensions\redhat.java-1.13.0-win32-x64\jre\17.0.5-win32-x86_64\bin\net.dll
Event: 1.083 Loaded shared library C:\Users\prana\.vscode\extensions\redhat.java-1.13.0-win32-x64\jre\17.0.5-win32-x86_64\bin\nio.dll
Event: 1.100 Loaded shared library C:\Users\prana\.vscode\extensions\redhat.java-1.13.0-win32-x64\jre\17.0.5-win32-x86_64\bin\zip.dll
Event: 1.212 Loaded shared library C:\Users\prana\.vscode\extensions\redhat.java-1.13.0-win32-x64\jre\17.0.5-win32-x86_64\bin\jimage.dll
Event: 1.507 Loaded shared library c:\Users\prana\.vscode\extensions\redhat.java-1.13.0-win32-x64\jre\17.0.5-win32-x86_64\bin\verify.dll
Event: 7.124 Loaded shared library C:\Users\prana\AppData\Roaming\Code\User\globalStorage\redhat.java\1.13.0\config_win\org.eclipse.equinox.launcher\org.eclipse.equinox.launcher.win32.win32.x86_64_1.2.600.v20220720-1916\eclipse_11700.dll
Event: 27.578 Loaded shared library C:\Users\prana\AppData\Local\Temp\jna-106927250\jna3361097898617281075.dll
Event: 41.855 Loaded shared library C:\Users\prana\.gradle\native\fdc75f09e3144964f2cf3f50f0aa648679c211496f362492102eb8c894070792\windows-amd64\native-platform.dll
Event: 41.878 Loaded shared library C:\Users\prana\.gradle\native\12488b8bf47d2d4c9fbf2f6322a914ad602e24e48041cd04a747c6da556b65c4\windows-amd64\native-platform-file-events.dll
Event: 47.705 Loaded shared library C:\Users\prana\.vscode\extensions\redhat.java-1.13.0-win32-x64\jre\17.0.5-win32-x86_64\bin\management.dll
Event: 47.735 Loaded shared library C:\Users\prana\.vscode\extensions\redhat.java-1.13.0-win32-x64\jre\17.0.5-win32-x86_64\bin\management_ext.dll
Event: 63.361 Loaded shared library C:\Users\prana\.vscode\extensions\redhat.java-1.13.0-win32-x64\jre\17.0.5-win32-x86_64\bin\sunmscapi.dll

Deoptimization events (20 events):
Event: 74.346 Thread 0x000001f74e540a20 Uncommon trap: trap_request=0xffffffde fr.pc=0x000001f740661928 relative=0x0000000000000728
Event: 74.346 Thread 0x000001f74e540a20 Uncommon trap: reason=class_check action=maybe_recompile pc=0x000001f740661928 method=java.util.HashMap.computeIfAbsent(Ljava/lang/Object;Ljava/util/function/Function;)Ljava/lang/Object; @ 188 c2
Event: 74.346 Thread 0x000001f74e540a20 DEOPT PACKING pc=0x000001f740661928 sp=0x0000003c0bdfeb10
Event: 74.346 Thread 0x000001f74e540a20 DEOPT UNPACKING pc=0x000001f738a820a3 sp=0x0000003c0bdfeaa8 mode 2
Event: 74.400 Thread 0x000001f74c85bee0 Uncommon trap: trap_request=0xffffffde fr.pc=0x000001f740661928 relative=0x0000000000000728
Event: 74.400 Thread 0x000001f74c85bee0 Uncommon trap: reason=class_check action=maybe_recompile pc=0x000001f740661928 method=java.util.HashMap.computeIfAbsent(Ljava/lang/Object;Ljava/util/function/Function;)Ljava/lang/Object; @ 188 c2
Event: 74.400 Thread 0x000001f74c85bee0 DEOPT PACKING pc=0x000001f740661928 sp=0x0000003c0aafeb60
Event: 74.400 Thread 0x000001f74c85bee0 DEOPT UNPACKING pc=0x000001f738a820a3 sp=0x0000003c0aafeaf8 mode 2
Event: 74.475 Thread 0x000001f74c85bee0 DEOPT PACKING pc=0x000001f73922dfc7 sp=0x0000003c0aafe1f0
Event: 74.475 Thread 0x000001f74c85bee0 DEOPT UNPACKING pc=0x000001f738a82843 sp=0x0000003c0aafd708 mode 0
Event: 75.205 Thread 0x000001f74c85bee0 DEOPT PACKING pc=0x000001f739916721 sp=0x0000003c0aafd710
Event: 75.205 Thread 0x000001f74c85bee0 DEOPT UNPACKING pc=0x000001f738a82843 sp=0x0000003c0aafcbc8 mode 0
Event: 75.394 Thread 0x000001f74c85bee0 Uncommon trap: trap_request=0xffffffc6 fr.pc=0x000001f74063f300 relative=0x00000000000001e0
Event: 75.394 Thread 0x000001f74c85bee0 Uncommon trap: reason=bimorphic_or_optimized_type_check action=maybe_recompile pc=0x000001f74063f300 method=java.util.Collections.eq(Ljava/lang/Object;Ljava/lang/Object;)Z @ 18 c2
Event: 75.394 Thread 0x000001f74c85bee0 DEOPT PACKING pc=0x000001f74063f300 sp=0x0000003c0aafe890
Event: 75.394 Thread 0x000001f74c85bee0 DEOPT UNPACKING pc=0x000001f738a820a3 sp=0x0000003c0aafe7d0 mode 2
Event: 75.396 Thread 0x000001f74c85bee0 Uncommon trap: trap_request=0xffffffc6 fr.pc=0x000001f74063f300 relative=0x00000000000001e0
Event: 75.396 Thread 0x000001f74c85bee0 Uncommon trap: reason=bimorphic_or_optimized_type_check action=maybe_recompile pc=0x000001f74063f300 method=java.util.Collections.eq(Ljava/lang/Object;Ljava/lang/Object;)Z @ 18 c2
Event: 75.396 Thread 0x000001f74c85bee0 DEOPT PACKING pc=0x000001f74063f300 sp=0x0000003c0aafe9f0
Event: 75.396 Thread 0x000001f74c85bee0 DEOPT UNPACKING pc=0x000001f738a820a3 sp=0x0000003c0aafe930 mode 2

Classes unloaded (7 events):
Event: 15.581 Thread 0x000001f74b711c30 Unloading class 0x000000010021c400 'java/lang/invoke/LambdaForm$MH+0x000000010021c400'
Event: 15.581 Thread 0x000001f74b711c30 Unloading class 0x000000010021c000 'java/lang/invoke/LambdaForm$MH+0x000000010021c000'
Event: 15.581 Thread 0x000001f74b711c30 Unloading class 0x000000010021bc00 'java/lang/invoke/LambdaForm$MH+0x000000010021bc00'
Event: 15.581 Thread 0x000001f74b711c30 Unloading class 0x000000010021b800 'java/lang/invoke/LambdaForm$MH+0x000000010021b800'
Event: 15.581 Thread 0x000001f74b711c30 Unloading class 0x000000010021b000 'java/lang/invoke/LambdaForm$BMH+0x000000010021b000'
Event: 15.581 Thread 0x000001f74b711c30 Unloading class 0x000000010021ac00 'java/lang/invoke/LambdaForm$DMH+0x000000010021ac00'
Event: 15.581 Thread 0x000001f74b711c30 Unloading class 0x0000000100218000 'java/lang/invoke/LambdaForm$DMH+0x0000000100218000'

Classes redefined (0 events):
No events

Internal exceptions (20 events):
Event: 72.492 Thread 0x000001f74c85e090 Exception <a 'sun/nio/fs/WindowsException'{0x00000000eb4e77c0}> (0x00000000eb4e77c0) 
thrown [s\src\hotspot\share\prims\jni.cpp, line 516]
Event: 72.493 Thread 0x000001f74c85e090 Exception <a 'sun/nio/fs/WindowsException'{0x00000000eb4eb3f0}> (0x00000000eb4eb3f0) 
thrown [s\src\hotspot\share\prims\jni.cpp, line 516]
Event: 72.495 Thread 0x000001f74c85e090 Exception <a 'sun/nio/fs/WindowsException'{0x00000000eb4eebc0}> (0x00000000eb4eebc0) 
thrown [s\src\hotspot\share\prims\jni.cpp, line 516]
Event: 72.496 Thread 0x000001f74c85e090 Exception <a 'sun/nio/fs/WindowsException'{0x00000000eb4f25c8}> (0x00000000eb4f25c8) 
thrown [s\src\hotspot\share\prims\jni.cpp, line 516]
Event: 72.497 Thread 0x000001f74c85e090 Exception <a 'sun/nio/fs/WindowsException'{0x00000000eb4f5d68}> (0x00000000eb4f5d68) 
thrown [s\src\hotspot\share\prims\jni.cpp, line 516]
Event: 72.497 Thread 0x000001f74c85e090 Exception <a 'sun/nio/fs/WindowsException'{0x00000000eb4fa5c8}> (0x00000000eb4fa5c8) 
thrown [s\src\hotspot\share\prims\jni.cpp, line 516]
Event: 72.498 Thread 0x000001f74c85e090 Exception <a 'sun/nio/fs/WindowsException'{0x00000000eb4fd9d0}> (0x00000000eb4fd9d0) 
thrown [s\src\hotspot\share\prims\jni.cpp, line 516]
Event: 72.499 Thread 0x000001f74c85e090 Exception <a 'sun/nio/fs/WindowsException'{0x00000000eb500fd8}> (0x00000000eb500fd8) 
thrown [s\src\hotspot\share\prims\jni.cpp, line 516]
Event: 72.518 Thread 0x000001f74c85e090 Exception <a 'sun/nio/fs/WindowsException'{0x00000000eb52fac0}> (0x00000000eb52fac0) 
thrown [s\src\hotspot\share\prims\jni.cpp, line 516]
Event: 72.535 Thread 0x000001f74c85e090 Exception <a 'sun/nio/fs/WindowsException'{0x00000000eb5482e0}> (0x00000000eb5482e0) 
thrown [s\src\hotspot\share\prims\jni.cpp, line 516]
Event: 72.598 Thread 0x000001f74c85ea30 Exception <a 'sun/nio/fs/WindowsException'{0x00000000eb64aa28}> (0x00000000eb64aa28) 
thrown [s\src\hotspot\share\prims\jni.cpp, line 516]
Event: 72.613 Thread 0x000001f74c85ea30 Exception <a 'sun/nio/fs/WindowsException'{0x00000000eb667550}> (0x00000000eb667550) 
thrown [s\src\hotspot\share\prims\jni.cpp, line 516]
Event: 72.635 Thread 0x000001f74c85ea30 Exception <a 'java/lang/NoSuchMethodError'{0x00000000eb68cb80}: 'java.lang.Object java.lang.invoke.DirectMethodHandle$Holder.invokeStatic(java.lang.Object, java.lang.Object, int, java.lang.Object)'> (0x00000000eb68cb80) 
thrown [s\src\hotspot\share\interpreter\linkResolver.cpp, line 759]
Event: 72.636 Thread 0x000001f74c85ea30 Exception <a 'java/lang/NoSuchMethodError'{0x00000000eb6954a8}: 'java.lang.Object java.lang.invoke.DirectMethodHandle$Holder.newInvokeSpecial(java.lang.Object, java.lang.Object, int)'> (0x00000000eb6954a8) 
thrown [s\src\hotspot\share\interpreter\linkResolver.cpp, line 759]
Event: 73.396 Thread 0x000001f74e540ef0 Exception <a 'java/lang/NoSuchMethodError'{0x00000000eae9db50}: 'int java.lang.invoke.DirectMethodHandle$Holder.invokeStatic(java.lang.Object)'> (0x00000000eae9db50) 
thrown [s\src\hotspot\share\interpreter\linkResolver.cpp, line 759]
Event: 73.441 Thread 0x000001f74e540ef0 Exception <a 'java/io/FileNotFoundException'{0x00000000eaf1fac8}> (0x00000000eaf1fac8) 
thrown [s\src\hotspot\share\prims\jni.cpp, line 516]
Event: 73.442 Thread 0x000001f74e540ef0 Exception <a 'java/io/FileNotFoundException'{0x00000000eaf228c0}> (0x00000000eaf228c0) 
thrown [s\src\hotspot\share\prims\jni.cpp, line 516]
Event: 73.449 Thread 0x000001f74e540ef0 Exception <a 'java/io/FileNotFoundException'{0x00000000eaf23e58}> (0x00000000eaf23e58) 
thrown [s\src\hotspot\share\prims\jni.cpp, line 516]
Event: 74.340 Thread 0x000001f74e540a20 Exception <a 'java/lang/NoSuchMethodError'{0x00000000eab41388}: 'java.lang.Object java.lang.invoke.DirectMethodHandle$Holder.newInvokeSpecial(java.lang.Object, java.lang.Object, java.lang.Object, java.lang.Object, java.lang.Object, java.lang.Object)'> (0x00000000eab41388) 
thrown [s\src\hotspot\share\interpreter\linkResolver.cpp, line 759]
Event: 75.538 Thread 0x000001f74c85bee0 Exception <a 'java/io/FileNotFoundException'{0x00000000eaf03d90}> (0x00000000eaf03d90) 
thrown [s\src\hotspot\share\prims\jni.cpp, line 516]

VM Operations (20 events):
Event: 68.666 Executing VM operation: Cleanup
Event: 68.666 Executing VM operation: Cleanup done
Event: 71.538 Executing VM operation: HandshakeAllThreads
Event: 71.539 Executing VM operation: HandshakeAllThreads done
Event: 71.539 Executing VM operation: Cleanup
Event: 71.539 Executing VM operation: Cleanup done
Event: 71.712 Executing VM operation: ParallelGCFailedAllocation
Event: 71.714 Executing VM operation: ParallelGCFailedAllocation done
Event: 72.714 Executing VM operation: Cleanup
Event: 72.714 Executing VM operation: Cleanup done
Event: 72.956 Executing VM operation: ParallelGCFailedAllocation
Event: 72.959 Executing VM operation: ParallelGCFailedAllocation done
Event: 73.614 Executing VM operation: ParallelGCFailedAllocation
Event: 73.619 Executing VM operation: ParallelGCFailedAllocation done
Event: 74.247 Executing VM operation: HandshakeAllThreads
Event: 74.247 Executing VM operation: HandshakeAllThreads done
Event: 74.303 Executing VM operation: ParallelGCFailedAllocation
Event: 74.305 Executing VM operation: ParallelGCFailedAllocation done
Event: 75.309 Executing VM operation: Cleanup
Event: 75.309 Executing VM operation: Cleanup done

Events (20 events):
Event: 73.089 Thread 0x000001f74e5448b0 Thread added: 0x000001f74e5448b0
Event: 73.089 Thread 0x000001f74e5443e0 Thread exited: 0x000001f74e5443e0
Event: 73.323 Thread 0x000001f74e543f10 Thread exited: 0x000001f74e543f10
Event: 73.323 Thread 0x000001f74e5448b0 Thread exited: 0x000001f74e5448b0
Event: 73.324 Thread 0x000001f74e543a40 Thread exited: 0x000001f74e543a40
Event: 73.327 Thread 0x000001f74e540a20 Thread exited: 0x000001f74e540a20
Event: 73.328 Thread 0x000001f74e540a20 Thread added: 0x000001f74e540a20
Event: 73.934 Thread 0x000001f74e543f10 Thread added: 0x000001f74e543f10
Event: 74.026 loading class java/lang/ExceptionInInitializerError
Event: 74.027 loading class java/lang/ExceptionInInitializerError done
Event: 75.203 loading class java/io/SequenceInputStream
Event: 75.203 loading class java/io/SequenceInputStream done
Event: 75.561 loading class sun/nio/cs/ISO_8859_1$Decoder
Event: 75.562 loading class sun/nio/cs/ISO_8859_1$Decoder done
Event: 75.647 loading class java/util/Collections$SynchronizedRandomAccessList
Event: 75.648 loading class java/util/Collections$SynchronizedList
Event: 75.649 loading class java/util/Collections$SynchronizedList done
Event: 75.649 loading class java/util/Collections$SynchronizedRandomAccessList done
Event: 75.669 loading class java/util/concurrent/CompletableFuture$Signaller
Event: 75.669 loading class java/util/concurrent/CompletableFuture$Signaller done


Dynamic libraries:
0x00007ff79b910000 - 0x00007ff79b91e000 	c:\Users\prana\.vscode\extensions\redhat.java-1.13.0-win32-x64\jre\17.0.5-win32-x86_64\bin\java.exe
0x00007ffac2990000 - 0x00007ffac2ba4000 	C:\WINDOWS\SYSTEM32\ntdll.dll
0x00007ffac12a0000 - 0x00007ffac1363000 	C:\WINDOWS\System32\KERNEL32.DLL
0x00007ffac0270000 - 0x00007ffac060d000 	C:\WINDOWS\System32\KERNELBASE.dll
0x00007ffabff40000 - 0x00007ffac0051000 	C:\WINDOWS\System32\ucrtbase.dll
0x00007ffabc4b0000 - 0x00007ffabc4c7000 	c:\Users\prana\.vscode\extensions\redhat.java-1.13.0-win32-x64\jre\17.0.5-win32-x86_64\bin\jli.dll
0x00007ffac1860000 - 0x00007ffac1a0d000 	C:\WINDOWS\System32\USER32.dll
0x00007ffac0060000 - 0x00007ffac0086000 	C:\WINDOWS\System32\win32u.dll
0x00007ffac16b0000 - 0x00007ffac16d9000 	C:\WINDOWS\System32\GDI32.dll
0x00007ffabfdb0000 - 0x00007ffabfec2000 	C:\WINDOWS\System32\gdi32full.dll
0x00007ffac0090000 - 0x00007ffac012a000 	C:\WINDOWS\System32\msvcp_win.dll
0x00007ffab1b10000 - 0x00007ffab1b29000 	c:\Users\prana\.vscode\extensions\redhat.java-1.13.0-win32-x64\jre\17.0.5-win32-x86_64\bin\VCRUNTIME140.dll
0x00007ffaab3d0000 - 0x00007ffaab65e000 	C:\WINDOWS\WinSxS\amd64_microsoft.windows.common-controls_6595b64144ccf1df_6.0.22621.436_none_a94247dbc10d8414\COMCTL32.dll
0x00007ffac0b90000 - 0x00007ffac0c37000 	C:\WINDOWS\System32\msvcrt.dll
0x00007ffac10f0000 - 0x00007ffac1122000 	C:\WINDOWS\System32\IMM32.DLL
0x00007ffabcca0000 - 0x00007ffabccac000 	c:\Users\prana\.vscode\extensions\redhat.java-1.13.0-win32-x64\jre\17.0.5-win32-x86_64\bin\vcruntime140_1.dll
0x00007ffaad210000 - 0x00007ffaad2a1000 	c:\Users\prana\.vscode\extensions\redhat.java-1.13.0-win32-x64\jre\17.0.5-win32-x86_64\bin\msvcp140.dll
0x00007ffa5b090000 - 0x00007ffa5bcd4000 	c:\Users\prana\.vscode\extensions\redhat.java-1.13.0-win32-x64\jre\17.0.5-win32-x86_64\bin\server\jvm.dll
0x00007ffac1aa0000 - 0x00007ffac1b4e000 	C:\WINDOWS\System32\ADVAPI32.dll
0x00007ffac11f0000 - 0x00007ffac1294000 	C:\WINDOWS\System32\sechost.dll
0x00007ffac1740000 - 0x00007ffac1855000 	C:\WINDOWS\System32\RPCRT4.dll
0x00007ffabb250000 - 0x00007ffabb259000 	C:\WINDOWS\SYSTEM32\WSOCK32.dll
0x00007ffac0780000 - 0x00007ffac07f1000 	C:\WINDOWS\System32\WS2_32.dll
0x00007ffab94e0000 - 0x00007ffab9514000 	C:\WINDOWS\SYSTEM32\WINMM.dll
0x00007ffab6a20000 - 0x00007ffab6a2a000 	C:\WINDOWS\SYSTEM32\VERSION.dll
0x00007ffabede0000 - 0x00007ffabedf8000 	C:\WINDOWS\SYSTEM32\kernel.appcore.dll
0x00007ffaba4a0000 - 0x00007ffaba4aa000 	c:\Users\prana\.vscode\extensions\redhat.java-1.13.0-win32-x64\jre\17.0.5-win32-x86_64\bin\jimage.dll
0x00007ffabd690000 - 0x00007ffabd8be000 	C:\WINDOWS\SYSTEM32\DBGHELP.DLL
0x00007ffac0800000 - 0x00007ffac0b8a000 	C:\WINDOWS\System32\combase.dll
0x00007ffac1b60000 - 0x00007ffac1c37000 	C:\WINDOWS\System32\OLEAUT32.dll
0x00007ffaacae0000 - 0x00007ffaacb12000 	C:\WINDOWS\SYSTEM32\dbgcore.DLL
0x00007ffac01f0000 - 0x00007ffac026b000 	C:\WINDOWS\System32\bcryptPrimitives.dll
0x00007ffab1b00000 - 0x00007ffab1b0e000 	c:\Users\prana\.vscode\extensions\redhat.java-1.13.0-win32-x64\jre\17.0.5-win32-x86_64\bin\instrument.dll
0x00007ffab1840000 - 0x00007ffab1865000 	c:\Users\prana\.vscode\extensions\redhat.java-1.13.0-win32-x64\jre\17.0.5-win32-x86_64\bin\java.dll
0x00007ffab1760000 - 0x00007ffab1778000 	c:\Users\prana\.vscode\extensions\redhat.java-1.13.0-win32-x64\jre\17.0.5-win32-x86_64\bin\zip.dll
0x00007ffac20f0000 - 0x00007ffac28df000 	C:\WINDOWS\System32\SHELL32.dll
0x00007ffabdd90000 - 0x00007ffabe658000 	C:\WINDOWS\SYSTEM32\windows.storage.dll
0x00007ffabdc50000 - 0x00007ffabdd8e000 	C:\WINDOWS\SYSTEM32\wintypes.dll
0x00007ffac1590000 - 0x00007ffac1681000 	C:\WINDOWS\System32\SHCORE.dll
0x00007ffac1390000 - 0x00007ffac13ee000 	C:\WINDOWS\System32\shlwapi.dll
0x00007ffabfce0000 - 0x00007ffabfd01000 	C:\WINDOWS\SYSTEM32\profapi.dll
0x00007ffab1ae0000 - 0x00007ffab1af9000 	C:\Users\prana\.vscode\extensions\redhat.java-1.13.0-win32-x64\jre\17.0.5-win32-x86_64\bin\net.dll
0x00007ffab9120000 - 0x00007ffab924f000 	C:\WINDOWS\SYSTEM32\WINHTTP.dll
0x00007ffabf250000 - 0x00007ffabf2b9000 	C:\WINDOWS\system32\mswsock.dll
0x00007ffab1820000 - 0x00007ffab1835000 	C:\Users\prana\.vscode\extensions\redhat.java-1.13.0-win32-x64\jre\17.0.5-win32-x86_64\bin\nio.dll
0x00007ffab1810000 - 0x00007ffab1820000 	c:\Users\prana\.vscode\extensions\redhat.java-1.13.0-win32-x64\jre\17.0.5-win32-x86_64\bin\verify.dll
0x00007ffab15f0000 - 0x00007ffab162e000 	C:\Users\prana\AppData\Roaming\Code\User\globalStorage\redhat.java\1.13.0\config_win\org.eclipse.equinox.launcher\org.eclipse.equinox.launcher.win32.win32.x86_64_1.2.600.v20220720-1916\eclipse_11700.dll
0x00007ffac13f0000 - 0x00007ffac158c000 	C:\WINDOWS\System32\ole32.dll
0x00007ffabf4c0000 - 0x00007ffabf4db000 	C:\WINDOWS\SYSTEM32\CRYPTSP.dll
0x00007ffabed50000 - 0x00007ffabed85000 	C:\WINDOWS\system32\rsaenh.dll
0x00007ffabf360000 - 0x00007ffabf388000 	C:\WINDOWS\SYSTEM32\USERENV.dll
0x00007ffabf680000 - 0x00007ffabf6a8000 	C:\WINDOWS\SYSTEM32\bcrypt.dll
0x00007ffabf4e0000 - 0x00007ffabf4ec000 	C:\WINDOWS\SYSTEM32\CRYPTBASE.dll
0x00007ffabe8b0000 - 0x00007ffabe8dd000 	C:\WINDOWS\SYSTEM32\IPHLPAPI.DLL
0x00007ffac16a0000 - 0x00007ffac16a9000 	C:\WINDOWS\System32\NSI.dll
0x00007ffab8cc0000 - 0x00007ffab8cd9000 	C:\WINDOWS\SYSTEM32\dhcpcsvc6.DLL
0x00007ffab8be0000 - 0x00007ffab8bff000 	C:\WINDOWS\SYSTEM32\dhcpcsvc.DLL
0x00007ffabe920000 - 0x00007ffabea12000 	C:\WINDOWS\SYSTEM32\DNSAPI.dll
0x00007ffaad1d0000 - 0x00007ffaad210000 	C:\Users\prana\AppData\Local\Temp\jna-106927250\jna3361097898617281075.dll
0x00007ffac1b50000 - 0x00007ffac1b58000 	C:\WINDOWS\System32\PSAPI.DLL
0x00007ffaa0000000 - 0x00007ffaa0027000 	C:\Users\prana\.gradle\native\fdc75f09e3144964f2cf3f50f0aa648679c211496f362492102eb8c894070792\windows-amd64\native-platform.dll
0x00007ffa81fa0000 - 0x00007ffa82136000 	C:\Users\prana\.gradle\native\12488b8bf47d2d4c9fbf2f6322a914ad602e24e48041cd04a747c6da556b65c4\windows-amd64\native-platform-file-events.dll
0x00007ffaba950000 - 0x00007ffaba959000 	C:\Users\prana\.vscode\extensions\redhat.java-1.13.0-win32-x64\jre\17.0.5-win32-x86_64\bin\management.dll
0x00007ffab1b40000 - 0x00007ffab1b4b000 	C:\Users\prana\.vscode\extensions\redhat.java-1.13.0-win32-x64\jre\17.0.5-win32-x86_64\bin\management_ext.dll
0x00007ffabce50000 - 0x00007ffabce5d000 	C:\WINDOWS\SYSTEM32\WINNSI.DLL
0x00007ffab1b30000 - 0x00007ffab1b3e000 	C:\Users\prana\.vscode\extensions\redhat.java-1.13.0-win32-x64\jre\17.0.5-win32-x86_64\bin\sunmscapi.dll
0x00007ffac0610000 - 0x00007ffac0776000 	C:\WINDOWS\System32\CRYPT32.dll
0x00007ffabf650000 - 0x00007ffabf67d000 	C:\WINDOWS\SYSTEM32\ncrypt.dll
0x00007ffabf610000 - 0x00007ffabf647000 	C:\WINDOWS\SYSTEM32\NTASN1.dll
0x00007ffab1750000 - 0x00007ffab1758000 	C:\WINDOWS\system32\wshunix.dll

dbghelp: loaded successfully - version: 4.0.5 - missing functions: none
symbol engine: initialized successfully - sym options: 0x614 - pdb path: .;c:\Users\prana\.vscode\extensions\redhat.java-1.13.0-win32-x64\jre\17.0.5-win32-x86_64\bin;C:\WINDOWS\SYSTEM32;C:\WINDOWS\WinSxS\amd64_microsoft.windows.common-controls_6595b64144ccf1df_6.0.22621.436_none_a94247dbc10d8414;c:\Users\prana\.vscode\extensions\redhat.java-1.13.0-win32-x64\jre\17.0.5-win32-x86_64\bin\server;C:\Users\prana\AppData\Roaming\Code\User\globalStorage\redhat.java\1.13.0\config_win\org.eclipse.equinox.launcher\org.eclipse.equinox.launcher.win32.win32.x86_64_1.2.600.v20220720-1916;C:\Users\prana\AppData\Local\Temp\jna-106927250;C:\Users\prana\.gradle\native\fdc75f09e3144964f2cf3f50f0aa648679c211496f362492102eb8c894070792\windows-amd64;C:\Users\prana\.gradle\native\12488b8bf47d2d4c9fbf2f6322a914ad602e24e48041cd04a747c6da556b65c4\windows-amd64

VM Arguments:
jvm_args: --add-modules=ALL-SYSTEM --add-opens=java.base/java.util=ALL-UNNAMED --add-opens=java.base/java.lang=ALL-UNNAMED --add-opens=java.base/sun.nio.fs=ALL-UNNAMED -Declipse.application=org.eclipse.jdt.ls.core.id1 -Dosgi.bundles.defaultStartLevel=4 -Declipse.product=org.eclipse.jdt.ls.core.product -Djava.import.generatesMetadataFilesAtProjectRoot=false -Dfile.encoding=utf8 -XX:+UseParallelGC -XX:GCTimeRatio=4 -XX:AdaptiveSizePolicyWeight=90 -Dsun.zip.disableMemoryMapping=true -Xmx1G -Xms100m -Xlog:disable -javaagent:c:\Users\prana\.vscode\extensions\redhat.java-1.13.0-win32-x64\lombok\lombok-1.18.24.jar -XX:+HeapDumpOnOutOfMemoryError -XX:HeapDumpPath=c:\Users\prana\AppData\Roaming\Code\User\workspaceStorage\846ae30d75f9e390a1140bbb0704bf76\redhat.java 
java_command: c:\Users\prana\.vscode\extensions\redhat.java-1.13.0-win32-x64\server\plugins\org.eclipse.equinox.launcher_1.6.400.v20210924-0641.jar -configuration c:\Users\prana\AppData\Roaming\Code\User\globalStorage\redhat.java\1.13.0\config_win -data c:\Users\prana\AppData\Roaming\Code\User\workspaceStorage\846ae30d75f9e390a1140bbb0704bf76\redhat.java\jdt_ws
java_class_path (initial): c:\Users\prana\.vscode\extensions\redhat.java-1.13.0-win32-x64\server\plugins\org.eclipse.equinox.launcher_1.6.400.v20210924-0641.jar
Launcher Type: SUN_STANDARD

[Global flags]
    uintx AdaptiveSizePolicyWeight                 = 90                                        {product} {command line}
     intx CICompilerCount                          = 4                                         {product} {ergonomic}
    uintx GCTimeRatio                              = 4                                         {product} {command line}
     bool HeapDumpOnOutOfMemoryError               = true                                   {manageable} {command line}
    ccstr HeapDumpPath                             = c:\Users\prana\AppData\Roaming\Code\User\workspaceStorage\846ae30d75f9e390a1140bbb0704bf76\redhat.java         {manageable} {command line}
   size_t InitialHeapSize                          = 104857600                                 {product} {command line}
   size_t MaxHeapSize                              = 1073741824                                {product} {command line}
   size_t MaxNewSize                               = 357564416                                 {product} {ergonomic}
   size_t MinHeapDeltaBytes                        = 524288                                    {product} {ergonomic}
   size_t MinHeapSize                              = 104857600                                 {product} {command line}
   size_t NewSize                                  = 34603008                                  {product} {ergonomic}
    uintx NonNMethodCodeHeapSize                   = 5839372                                {pd product} {ergonomic}
    uintx NonProfiledCodeHeapSize                  = 122909434                              {pd product} {ergonomic}
   size_t OldSize                                  = 70254592                                  {product} {ergonomic}
    uintx ProfiledCodeHeapSize                     = 122909434                              {pd product} {ergonomic}
    uintx ReservedCodeCacheSize                    = 251658240                              {pd product} {ergonomic}
     bool SegmentedCodeCache                       = true                                      {product} {ergonomic}
   size_t SoftMaxHeapSize                          = 1073741824                             {manageable} {ergonomic}
     bool UseCompressedClassPointers               = true                           {product lp64_product} {ergonomic}
     bool UseCompressedOops                        = true                           {product lp64_product} {ergonomic}
     bool UseLargePagesIndividualAllocation        = false                                  {pd product} {ergonomic}
     bool UseParallelGC                            = true                                      {product} {command line}

Logging:
Log output configuration:
 #0: stdout all=off uptime,level,tags
 #1: stderr all=off uptime,level,tags

Environment Variables:
JAVA_HOME=C:\Program Files\Java\jdk-11.0.9
PATH=C:\Program Files\Java\jdk-11.0.9\bin;C:\Program Files\Common Files\Oracle\Java\javapath;C:\WINDOWS\system32;C:\WINDOWS;C:\WINDOWS\System32\Wbem;C:\WINDOWS\System32\WindowsPowerShell\v1.0\;C:\WINDOWS\System32\OpenSSH\;C:\Program Files\nodejs\;C:\Program Files\Git\cmd;C:\Program Files\Git\mingw64\bin;C:\Program Files\Git\usr\bin;C:\apache-cassandra-3.11.12\bin;C:\hadoop-3.3.3\bin;C:\hadoop-3.3.3\sbin;C:\Program Files\MongoDB\Server\5.0\bin;;C:\Program Files\Docker\Docker\resources\bin;C:\Users\prana\AppData\Local\Programs\Python\Python310\Scripts\;C:\Users\prana\AppData\Local\Programs\Python\Python310\;C:\Program Files\MySQL\MySQL Shell 8.0\bin\;C:\Users\prana\AppData\Local\Microsoft\WindowsApps;C:\Program Files (x86)\mingw-w64\i686-8.1.0-posix-dwarf-rt_v6-rev0\mingw32\bin;C:\Users\prana\AppData\Local\Programs\Microsoft VS Code\bin;C:\Program Files\Java\jdk-11.0.9\bin;C:\iverilog\bin;C:\iverilog\gtkwave\bin;C:\Users\prana\AppData\Roaming\npm;D:\flutter\bin;C:\Users\prana\AppData\Local\Android\Sdk\tools;C:\Users\prana\AppData\Local\Android\Sdk\platform-tools;C:\Users\prana\AppData\Local\GitHubDesktop\bin;C:\Users\prana\AppData\Local\Coursier\data\bin;C:\Users\prana\cs.exe;
USERNAME=prana
OS=Windows_NT
PROCESSOR_IDENTIFIER=AMD64 Family 23 Model 24 Stepping 1, AuthenticAMD
TMP=C:\Users\prana\AppData\Local\Temp
TEMP=C:\Users\prana\AppData\Local\Temp



---------------  S Y S T E M  ---------------

OS:
 Windows 11 , 64 bit Build 22621 (10.0.22621.1037)
OS uptime: 0 days 11:37 hours
Hyper-V role detected

CPU: total 8 (initial active 8) (8 cores per cpu, 2 threads per core) family 23 model 24 stepping 1 microcode 0x0, cx8, cmov, fxsr, ht, mmx, 3dnowpref, sse, sse2, sse3, ssse3, sse4a, sse4.1, sse4.2, popcnt, lzcnt, tsc, tscinvbit, avx, avx2, aes, clmul, bmi1, bmi2, adx, sha, fma, vzeroupper, clflush, clflushopt, hv

Memory: 4k page, system-wide physical 6091M (229M free)
TotalPageFile size 24523M (AvailPageFile size 0M)
current process WorkingSet (physical memory assigned to process): 186M, peak: 195M
current process commit charge ("private bytes"): 294M, peak: 297M

vm_info: OpenJDK 64-Bit Server VM (17.0.5+8) for windows-amd64 JRE (17.0.5+8), built on Oct 19 2022 04:48:13 by "temurin" with MS VC++ 16.7 (VS2019)

END.
